[2020-03-10 22:09:24,677][INFO] Logging to file 'log/DQN_20200310_220924.log'
[2020-03-10 22:09:24,678][INFO] Launched command = 'python main.py -f 2000 --gpu'
[2020-03-10 22:09:26,390][INFO] Tensorflow visible devices
	/device:CPU:0
	/device:XLA_CPU:0
	/device:XLA_GPU:0
	/device:GPU:0
[2020-03-10 22:09:27,498][INFO] Running 2000k frames of model 'DQN'
[2020-03-10 22:09:28,457][INFO] Episode:    1 Frame:     0k Score:   13 Mean100: 6.50 Speed: 279.566f/s Mem: 1.13GB Epsilon: 1.00 Loss: 0.00 Q: 0.00
[2020-03-10 22:09:33,549][INFO] Episode:   10 Frame:     1k Score:    9 Mean100: 7.00 Speed: 264.925f/s Mem: 1.27GB Epsilon: 1.00 Loss: 0.00 Q: 0.00
[2020-03-10 22:09:39,628][INFO] Episode:   20 Frame:     3k Score:    6 Mean100: 7.76 Speed: 271.105f/s Mem: 1.44GB Epsilon: 1.00 Loss: 0.00 Q: 0.00
[2020-03-10 22:09:45,676][INFO] Episode:   30 Frame:     4k Score:   11 Mean100: 8.26 Speed: 274.611f/s Mem: 1.62GB Epsilon: 1.00 Loss: 0.00 Q: 0.00
[2020-03-10 22:09:52,088][INFO] Episode:   40 Frame:     6k Score:   10 Mean100: 8.80 Speed: 273.535f/s Mem: 1.81GB Epsilon: 1.00 Loss: 0.00 Q: 0.00
[2020-03-10 22:09:57,697][INFO] Episode:   50 Frame:     8k Score:   11 Mean100: 8.55 Speed: 269.958f/s Mem: 1.97GB Epsilon: 1.00 Loss: 0.00 Q: 0.00
[2020-03-10 22:10:03,519][INFO] Episode:   60 Frame:     9k Score:    5 Mean100: 8.33 Speed: 273.244f/s Mem: 2.14GB Epsilon: 1.00 Loss: 0.00 Q: 0.00
[2020-03-10 22:10:41,048][INFO] Episode:   70 Frame:    11k Score:    9 Mean100: 8.45 Speed: 42.368f/s Mem: 2.84GB Epsilon: 0.89 Loss: 0.01 Q: 0.24
[2020-03-10 22:11:17,382][INFO] Episode:   80 Frame:    12k Score:    6 Mean100: 8.35 Speed: 40.210f/s Mem: 2.84GB Epsilon: 0.87 Loss: 0.00 Q: 0.39
[2020-03-10 22:11:55,527][INFO] Episode:   90 Frame:    14k Score:    5 Mean100: 8.42 Speed: 39.953f/s Mem: 2.84GB Epsilon: 0.86 Loss: 0.00 Q: 0.54
[2020-03-10 22:12:39,696][INFO] Episode:  100 Frame:    16k Score:    8 Mean100: 8.73 Speed: 39.371f/s Mem: 2.85GB Epsilon: 0.84 Loss: 0.00 Q: 0.79
[2020-03-10 22:13:32,889][INFO] Episode:  110 Frame:    18k Score:   18 Mean100: 9.15 Speed: 40.682f/s Mem: 2.85GB Epsilon: 0.82 Loss: 0.00 Q: 1.37
[2020-03-10 22:14:19,672][INFO] Episode:  120 Frame:    20k Score:   13 Mean100: 9.23 Speed: 40.186f/s Mem: 2.85GB Epsilon: 0.80 Loss: 0.01 Q: 1.86
[2020-03-10 22:15:01,746][INFO] Episode:  130 Frame:    21k Score:    7 Mean100: 9.37 Speed: 39.739f/s Mem: 2.85GB Epsilon: 0.78 Loss: 0.01 Q: 1.94
[2020-03-10 22:15:50,486][INFO] Episode:  140 Frame:    23k Score:   10 Mean100: 9.46 Speed: 40.029f/s Mem: 2.85GB Epsilon: 0.76 Loss: 0.01 Q: 2.41
[2020-03-10 22:16:28,605][INFO] Episode:  150 Frame:    25k Score:   15 Mean100: 9.58 Speed: 39.770f/s Mem: 2.85GB Epsilon: 0.75 Loss: 0.01 Q: 3.07
[2020-03-10 22:17:05,908][INFO] Episode:  160 Frame:    26k Score:    6 Mean100: 9.65 Speed: 39.675f/s Mem: 2.85GB Epsilon: 0.73 Loss: 0.01 Q: 3.39
[2020-03-10 22:17:45,057][INFO] Episode:  170 Frame:    28k Score:    8 Mean100: 9.67 Speed: 40.103f/s Mem: 2.85GB Epsilon: 0.72 Loss: 0.03 Q: 3.94
[2020-03-10 22:18:31,633][INFO] Episode:  180 Frame:    30k Score:   10 Mean100: 10.01 Speed: 40.106f/s Mem: 2.85GB Epsilon: 0.70 Loss: 0.01 Q: 4.25
[2020-03-10 22:19:16,239][INFO] Episode:  190 Frame:    31k Score:   13 Mean100: 10.34 Speed: 39.703f/s Mem: 2.85GB Epsilon: 0.68 Loss: 0.01 Q: 4.13
[2020-03-10 22:19:54,659][INFO] Episode:  200 Frame:    33k Score:    6 Mean100: 10.17 Speed: 39.537f/s Mem: 2.85GB Epsilon: 0.67 Loss: 0.01 Q: 4.67
[2020-03-10 22:20:46,962][INFO] Episode:  210 Frame:    35k Score:    9 Mean100: 10.35 Speed: 39.578f/s Mem: 2.86GB Epsilon: 0.64 Loss: 0.01 Q: 5.02
[2020-03-10 22:21:46,487][INFO] Episode:  220 Frame:    37k Score:   13 Mean100: 10.99 Speed: 39.647f/s Mem: 2.86GB Epsilon: 0.62 Loss: 0.01 Q: 5.71
[2020-03-10 22:22:26,037][INFO] Episode:  230 Frame:    39k Score:    2 Mean100: 11.04 Speed: 40.228f/s Mem: 2.86GB Epsilon: 0.60 Loss: 0.01 Q: 6.22
[2020-03-10 22:23:07,140][INFO] Episode:  240 Frame:    41k Score:    9 Mean100: 10.99 Speed: 41.018f/s Mem: 2.86GB Epsilon: 0.59 Loss: 0.03 Q: 6.70
[2020-03-10 22:23:44,911][INFO] Episode:  250 Frame:    42k Score:    2 Mean100: 11.01 Speed: 42.625f/s Mem: 2.86GB Epsilon: 0.57 Loss: 0.02 Q: 7.01
[2020-03-10 22:24:30,731][INFO] Episode:  260 Frame:    44k Score:   29 Mean100: 11.49 Speed: 42.405f/s Mem: 2.86GB Epsilon: 0.55 Loss: 0.03 Q: 7.18
[2020-03-10 22:25:12,896][INFO] Episode:  270 Frame:    46k Score:   12 Mean100: 11.72 Speed: 41.788f/s Mem: 2.86GB Epsilon: 0.53 Loss: 0.05 Q: 7.23
[2020-03-10 22:25:50,934][INFO] Episode:  280 Frame:    48k Score:    6 Mean100: 11.70 Speed: 41.354f/s Mem: 2.86GB Epsilon: 0.52 Loss: 0.02 Q: 7.44
[2020-03-10 22:26:30,115][INFO] Episode:  290 Frame:    49k Score:    9 Mean100: 11.57 Speed: 41.704f/s Mem: 2.86GB Epsilon: 0.50 Loss: 0.01 Q: 7.86
[2020-03-10 22:27:09,129][INFO] Episode:  300 Frame:    51k Score:    5 Mean100: 11.58 Speed: 39.653f/s Mem: 2.86GB Epsilon: 0.49 Loss: 0.03 Q: 8.36
[2020-03-10 22:27:57,829][INFO] Episode:  310 Frame:    53k Score:   10 Mean100: 11.57 Speed: 40.164f/s Mem: 2.86GB Epsilon: 0.47 Loss: 0.18 Q: 8.31
[2020-03-10 22:28:42,368][INFO] Episode:  320 Frame:    55k Score:    8 Mean100: 11.11 Speed: 40.032f/s Mem: 2.86GB Epsilon: 0.45 Loss: 0.02 Q: 8.91
[2020-03-10 22:29:31,988][INFO] Episode:  330 Frame:    57k Score:   19 Mean100: 11.35 Speed: 40.589f/s Mem: 2.86GB Epsilon: 0.43 Loss: 0.02 Q: 9.00
[2020-03-10 22:30:15,889][INFO] Episode:  340 Frame:    58k Score:   16 Mean100: 11.54 Speed: 40.545f/s Mem: 2.86GB Epsilon: 0.41 Loss: 0.03 Q: 8.56
[2020-03-10 22:31:02,481][INFO] Episode:  350 Frame:    60k Score:   18 Mean100: 12.05 Speed: 41.531f/s Mem: 2.86GB Epsilon: 0.39 Loss: 0.02 Q: 10.04
[2020-03-10 22:31:38,040][INFO] Episode:  360 Frame:    62k Score:    9 Mean100: 11.64 Speed: 42.268f/s Mem: 2.86GB Epsilon: 0.38 Loss: 0.02 Q: 10.15
[2020-03-10 22:32:18,085][INFO] Episode:  370 Frame:    63k Score:   10 Mean100: 11.38 Speed: 40.329f/s Mem: 2.86GB Epsilon: 0.36 Loss: 0.02 Q: 11.05
[2020-03-10 22:33:05,467][INFO] Episode:  380 Frame:    65k Score:   11 Mean100: 11.56 Speed: 43.414f/s Mem: 2.86GB Epsilon: 0.34 Loss: 0.01 Q: 11.38
[2020-03-10 22:33:40,110][INFO] Episode:  390 Frame:    67k Score:    8 Mean100: 11.29 Speed: 42.981f/s Mem: 2.86GB Epsilon: 0.33 Loss: 0.02 Q: 11.02
[2020-03-10 22:34:26,097][INFO] Episode:  400 Frame:    69k Score:    4 Mean100: 11.66 Speed: 42.382f/s Mem: 2.86GB Epsilon: 0.31 Loss: 0.06 Q: 11.06
[2020-03-10 22:35:11,789][INFO] Episode:  410 Frame:    71k Score:   21 Mean100: 11.54 Speed: 40.554f/s Mem: 2.86GB Epsilon: 0.29 Loss: 0.03 Q: 12.06
[2020-03-10 22:35:56,829][INFO] Episode:  420 Frame:    73k Score:   12 Mean100: 11.50 Speed: 40.142f/s Mem: 2.86GB Epsilon: 0.27 Loss: 0.06 Q: 11.45
[2020-03-10 22:36:29,005][INFO] Episode:  430 Frame:    74k Score:    7 Mean100: 10.95 Speed: 39.471f/s Mem: 2.86GB Epsilon: 0.26 Loss: 0.02 Q: 11.48
[2020-03-10 22:37:05,168][INFO] Episode:  440 Frame:    75k Score:   18 Mean100: 10.62 Speed: 39.322f/s Mem: 2.86GB Epsilon: 0.24 Loss: 0.09 Q: 11.48
[2020-03-10 22:37:59,065][INFO] Episode:  450 Frame:    77k Score:    7 Mean100: 10.85 Speed: 39.946f/s Mem: 2.86GB Epsilon: 0.22 Loss: 0.02 Q: 12.16
[2020-03-10 22:38:43,081][INFO] Episode:  460 Frame:    79k Score:   20 Mean100: 11.19 Speed: 39.849f/s Mem: 2.86GB Epsilon: 0.20 Loss: 0.03 Q: 12.24
[2020-03-10 22:39:36,563][INFO] Episode:  470 Frame:    81k Score:    4 Mean100: 11.64 Speed: 39.490f/s Mem: 2.86GB Epsilon: 0.18 Loss: 0.04 Q: 13.64
[2020-03-10 22:40:27,544][INFO] Episode:  480 Frame:    83k Score:   17 Mean100: 11.67 Speed: 39.368f/s Mem: 2.86GB Epsilon: 0.16 Loss: 0.02 Q: 13.68
[2020-03-10 22:41:10,855][INFO] Episode:  490 Frame:    85k Score:    6 Mean100: 11.97 Speed: 38.397f/s Mem: 2.86GB Epsilon: 0.15 Loss: 0.45 Q: 13.04
[2020-03-10 22:41:47,688][INFO] Episode:  500 Frame:    86k Score:    7 Mean100: 11.65 Speed: 38.851f/s Mem: 2.86GB Epsilon: 0.13 Loss: 1.25 Q: 12.47
[2020-03-10 22:42:39,568][INFO] Episode:  510 Frame:    88k Score:   12 Mean100: 11.93 Speed: 39.148f/s Mem: 2.86GB Epsilon: 0.11 Loss: 0.04 Q: 13.99
[2020-03-10 22:43:36,445][INFO] Episode:  520 Frame:    91k Score:   13 Mean100: 12.52 Speed: 39.137f/s Mem: 2.86GB Epsilon: 0.09 Loss: 0.02 Q: 14.28
[2020-03-10 22:44:35,502][INFO] Episode:  530 Frame:    93k Score:   13 Mean100: 13.30 Speed: 38.268f/s Mem: 2.86GB Epsilon: 0.07 Loss: 0.05 Q: 13.93
[2020-03-10 22:45:27,772][INFO] Episode:  540 Frame:    95k Score:    7 Mean100: 14.07 Speed: 38.722f/s Mem: 2.86GB Epsilon: 0.05 Loss: 0.03 Q: 14.69
[2020-03-10 22:46:18,379][INFO] Episode:  550 Frame:    97k Score:   24 Mean100: 13.81 Speed: 38.433f/s Mem: 2.86GB Epsilon: 0.03 Loss: 0.03 Q: 14.87
[2020-03-10 22:47:12,364][INFO] Episode:  560 Frame:    99k Score:    5 Mean100: 14.39 Speed: 39.103f/s Mem: 2.86GB Epsilon: 0.02 Loss: 0.03 Q: 15.54
[2020-03-10 22:48:10,516][INFO] Episode:  570 Frame:   101k Score:   20 Mean100: 14.75 Speed: 38.726f/s Mem: 2.86GB Epsilon: 0.02 Loss: 0.06 Q: 14.89
[2020-03-10 22:49:01,534][INFO] Episode:  580 Frame:   103k Score:    3 Mean100: 15.03 Speed: 39.026f/s Mem: 2.86GB Epsilon: 0.02 Loss: 0.04 Q: 15.60
[2020-03-10 22:49:55,738][INFO] Episode:  590 Frame:   105k Score:   29 Mean100: 15.60 Speed: 38.834f/s Mem: 2.86GB Epsilon: 0.02 Loss: 0.04 Q: 15.56
[2020-03-10 22:50:44,221][INFO] Episode:  600 Frame:   107k Score:   12 Mean100: 15.96 Speed: 38.839f/s Mem: 2.86GB Epsilon: 0.02 Loss: 0.04 Q: 15.12
[2020-03-10 22:51:34,785][INFO] Episode:  610 Frame:   109k Score:    5 Mean100: 15.82 Speed: 38.624f/s Mem: 2.86GB Epsilon: 0.02 Loss: 0.05 Q: 15.74
[2020-03-10 22:52:29,957][INFO] Episode:  620 Frame:   111k Score:   14 Mean100: 15.94 Speed: 38.461f/s Mem: 2.86GB Epsilon: 0.02 Loss: 0.01 Q: 16.41
[2020-03-10 22:53:18,079][INFO] Episode:  630 Frame:   113k Score:   15 Mean100: 16.02 Speed: 38.839f/s Mem: 2.86GB Epsilon: 0.02 Loss: 0.03 Q: 16.39
[2020-03-10 22:54:21,875][INFO] Episode:  640 Frame:   116k Score:   27 Mean100: 16.39 Speed: 38.466f/s Mem: 2.86GB Epsilon: 0.02 Loss: 0.03 Q: 16.30
[2020-03-10 22:55:12,396][INFO] Episode:  650 Frame:   117k Score:   19 Mean100: 16.43 Speed: 38.023f/s Mem: 2.86GB Epsilon: 0.02 Loss: 0.05 Q: 16.14
[2020-03-10 22:56:04,614][INFO] Episode:  660 Frame:   120k Score:   16 Mean100: 16.46 Speed: 39.086f/s Mem: 2.86GB Epsilon: 0.02 Loss: 0.04 Q: 16.41
[2020-03-10 22:56:51,243][INFO] Episode:  670 Frame:   121k Score:    5 Mean100: 16.11 Speed: 40.983f/s Mem: 2.86GB Epsilon: 0.02 Loss: 0.04 Q: 16.34
[2020-03-10 22:57:47,233][INFO] Episode:  680 Frame:   124k Score:    6 Mean100: 16.64 Speed: 40.811f/s Mem: 2.86GB Epsilon: 0.02 Loss: 0.54 Q: 16.36
[2020-03-10 22:58:33,383][INFO] Episode:  690 Frame:   126k Score:   20 Mean100: 16.40 Speed: 40.628f/s Mem: 2.86GB Epsilon: 0.02 Loss: 0.61 Q: 15.70
[2020-03-10 22:59:22,448][INFO] Episode:  700 Frame:   128k Score:   33 Mean100: 16.81 Speed: 40.905f/s Mem: 2.86GB Epsilon: 0.02 Loss: 0.07 Q: 15.79
[2020-03-10 23:00:19,546][INFO] Episode:  710 Frame:   130k Score:   17 Mean100: 17.31 Speed: 37.146f/s Mem: 2.86GB Epsilon: 0.02 Loss: 0.04 Q: 16.36
[2020-03-10 23:01:17,604][INFO] Episode:  720 Frame:   132k Score:   20 Mean100: 17.44 Speed: 37.928f/s Mem: 2.86GB Epsilon: 0.02 Loss: 0.05 Q: 17.28
[2020-03-10 23:02:14,102][INFO] Episode:  730 Frame:   134k Score:   20 Mean100: 17.75 Speed: 38.479f/s Mem: 2.86GB Epsilon: 0.02 Loss: 0.06 Q: 16.89
[2020-03-10 23:03:01,474][INFO] Episode:  740 Frame:   136k Score:    5 Mean100: 17.29 Speed: 39.791f/s Mem: 2.86GB Epsilon: 0.02 Loss: 0.09 Q: 17.45
[2020-03-10 23:03:46,996][INFO] Episode:  750 Frame:   138k Score:   25 Mean100: 17.32 Speed: 40.727f/s Mem: 2.86GB Epsilon: 0.02 Loss: 0.07 Q: 17.05
[2020-03-10 23:04:48,538][INFO] Episode:  760 Frame:   140k Score:   22 Mean100: 17.69 Speed: 40.851f/s Mem: 2.86GB Epsilon: 0.02 Loss: 0.03 Q: 17.85
[2020-03-10 23:05:46,087][INFO] Episode:  770 Frame:   142k Score:   20 Mean100: 18.06 Speed: 37.255f/s Mem: 2.86GB Epsilon: 0.02 Loss: 0.05 Q: 17.64
[2020-03-10 23:06:41,037][INFO] Episode:  780 Frame:   145k Score:   22 Mean100: 17.51 Speed: 37.015f/s Mem: 2.86GB Epsilon: 0.02 Loss: 0.07 Q: 17.41
[2020-03-10 23:07:32,110][INFO] Episode:  790 Frame:   146k Score:    9 Mean100: 17.50 Speed: 38.082f/s Mem: 2.86GB Epsilon: 0.02 Loss: 0.19 Q: 16.99
[2020-03-10 23:08:27,555][INFO] Episode:  800 Frame:   149k Score:   11 Mean100: 17.64 Speed: 38.543f/s Mem: 2.86GB Epsilon: 0.02 Loss: 0.02 Q: 18.17
[2020-03-10 23:09:23,416][INFO] Episode:  810 Frame:   151k Score:   15 Mean100: 17.53 Speed: 38.471f/s Mem: 2.86GB Epsilon: 0.02 Loss: 0.04 Q: 17.51
[2020-03-10 23:10:26,029][INFO] Episode:  820 Frame:   153k Score:   22 Mean100: 17.62 Speed: 38.443f/s Mem: 2.86GB Epsilon: 0.02 Loss: 0.02 Q: 17.75
[2020-03-10 23:11:30,092][INFO] Episode:  830 Frame:   156k Score:   39 Mean100: 17.72 Speed: 38.696f/s Mem: 2.86GB Epsilon: 0.02 Loss: 0.03 Q: 17.24
[2020-03-10 23:12:33,255][INFO] Episode:  840 Frame:   158k Score:   31 Mean100: 18.14 Speed: 38.615f/s Mem: 2.86GB Epsilon: 0.02 Loss: 0.08 Q: 16.83
[2020-03-10 23:13:25,032][INFO] Episode:  850 Frame:   160k Score:   21 Mean100: 18.33 Speed: 40.404f/s Mem: 2.86GB Epsilon: 0.02 Loss: 0.03 Q: 17.03
[2020-03-10 23:14:19,555][INFO] Episode:  860 Frame:   162k Score:    6 Mean100: 18.01 Speed: 40.827f/s Mem: 2.86GB Epsilon: 0.02 Loss: 0.02 Q: 17.23
[2020-03-10 23:15:20,697][INFO] Episode:  870 Frame:   165k Score:   15 Mean100: 18.24 Speed: 40.594f/s Mem: 2.86GB Epsilon: 0.02 Loss: 0.03 Q: 17.25
[2020-03-10 23:16:13,018][INFO] Episode:  880 Frame:   167k Score:   18 Mean100: 18.26 Speed: 36.925f/s Mem: 2.86GB Epsilon: 0.02 Loss: 0.05 Q: 17.07
[2020-03-10 23:17:05,680][INFO] Episode:  890 Frame:   169k Score:   22 Mean100: 18.51 Speed: 37.352f/s Mem: 2.86GB Epsilon: 0.02 Loss: 0.29 Q: 16.45
[2020-03-10 23:18:08,255][INFO] Episode:  900 Frame:   171k Score:   14 Mean100: 18.53 Speed: 38.258f/s Mem: 2.86GB Epsilon: 0.02 Loss: 0.07 Q: 17.27
[2020-03-10 23:19:05,840][INFO] Episode:  910 Frame:   173k Score:    7 Mean100: 18.36 Speed: 37.909f/s Mem: 2.86GB Epsilon: 0.02 Loss: 0.61 Q: 16.24
[2020-03-10 23:20:12,785][INFO] Episode:  920 Frame:   176k Score:   10 Mean100: 18.06 Speed: 38.181f/s Mem: 2.86GB Epsilon: 0.02 Loss: 0.03 Q: 17.58
[2020-03-10 23:21:10,688][INFO] Episode:  930 Frame:   178k Score:   23 Mean100: 17.82 Speed: 38.443f/s Mem: 2.86GB Epsilon: 0.02 Loss: 0.01 Q: 17.36
[2020-03-10 23:22:21,301][INFO] Episode:  940 Frame:   181k Score:   22 Mean100: 17.81 Speed: 37.160f/s Mem: 2.86GB Epsilon: 0.02 Loss: 0.16 Q: 16.50
[2020-03-10 23:23:18,895][INFO] Episode:  950 Frame:   183k Score:    9 Mean100: 17.91 Speed: 38.181f/s Mem: 2.86GB Epsilon: 0.02 Loss: 0.03 Q: 16.91
[2020-03-10 23:24:14,229][INFO] Episode:  960 Frame:   185k Score:   16 Mean100: 17.97 Speed: 38.258f/s Mem: 2.86GB Epsilon: 0.02 Loss: 0.03 Q: 17.38
[2020-03-10 23:25:11,373][INFO] Episode:  970 Frame:   187k Score:   17 Mean100: 17.86 Speed: 38.429f/s Mem: 2.86GB Epsilon: 0.02 Loss: 0.09 Q: 16.80
[2020-03-10 23:26:05,725][INFO] Episode:  980 Frame:   189k Score:   18 Mean100: 18.01 Speed: 38.086f/s Mem: 2.86GB Epsilon: 0.02 Loss: 0.15 Q: 16.87
[2020-03-10 23:27:03,291][INFO] Episode:  990 Frame:   192k Score:   14 Mean100: 18.14 Speed: 38.373f/s Mem: 2.86GB Epsilon: 0.02 Loss: 0.04 Q: 17.62
[2020-03-10 23:27:56,163][INFO] Episode: 1000 Frame:   194k Score:   11 Mean100: 17.93 Speed: 38.281f/s Mem: 2.86GB Epsilon: 0.02 Loss: 0.08 Q: 16.60
[2020-03-10 23:28:51,105][INFO] Episode: 1010 Frame:   196k Score:   11 Mean100: 17.98 Speed: 38.459f/s Mem: 2.86GB Epsilon: 0.02 Loss: 0.12 Q: 17.02
[2020-03-10 23:29:51,268][INFO] Episode: 1020 Frame:   198k Score:   27 Mean100: 18.44 Speed: 38.861f/s Mem: 2.86GB Epsilon: 0.02 Loss: 0.02 Q: 17.08
[2020-03-10 23:30:36,398][INFO] Episode: 1030 Frame:   200k Score:    8 Mean100: 17.99 Speed: 38.511f/s Mem: 2.86GB Epsilon: 0.02 Loss: 0.04 Q: 15.90
[2020-03-10 23:31:33,591][INFO] Episode: 1040 Frame:   202k Score:   14 Mean100: 17.71 Speed: 37.015f/s Mem: 2.86GB Epsilon: 0.02 Loss: 0.02 Q: 17.36
[2020-03-10 23:32:37,675][INFO] Episode: 1050 Frame:   204k Score:   24 Mean100: 18.06 Speed: 37.903f/s Mem: 2.86GB Epsilon: 0.02 Loss: 0.05 Q: 17.21
[2020-03-10 23:33:31,971][INFO] Episode: 1060 Frame:   206k Score:   26 Mean100: 17.87 Speed: 38.253f/s Mem: 2.86GB Epsilon: 0.02 Loss: 0.03 Q: 16.32
[2020-03-10 23:34:39,559][INFO] Episode: 1070 Frame:   209k Score:   27 Mean100: 18.38 Speed: 38.365f/s Mem: 2.86GB Epsilon: 0.02 Loss: 0.04 Q: 16.56
[2020-03-10 23:35:41,738][INFO] Episode: 1080 Frame:   211k Score:   23 Mean100: 18.62 Speed: 38.212f/s Mem: 2.86GB Epsilon: 0.02 Loss: 0.02 Q: 17.07
[2020-03-10 23:36:45,779][INFO] Episode: 1090 Frame:   214k Score:   25 Mean100: 18.84 Speed: 38.288f/s Mem: 2.86GB Epsilon: 0.02 Loss: 0.02 Q: 15.28
[2020-03-10 23:37:37,837][INFO] Episode: 1100 Frame:   216k Score:   14 Mean100: 18.76 Speed: 37.977f/s Mem: 2.86GB Epsilon: 0.02 Loss: 0.03 Q: 16.73
[2020-03-10 23:38:36,113][INFO] Episode: 1110 Frame:   218k Score:   23 Mean100: 19.01 Speed: 38.043f/s Mem: 2.86GB Epsilon: 0.02 Loss: 0.03 Q: 16.45
[2020-03-10 23:39:40,693][INFO] Episode: 1120 Frame:   220k Score:   21 Mean100: 18.96 Speed: 38.324f/s Mem: 2.86GB Epsilon: 0.02 Loss: 0.02 Q: 16.49
[2020-03-10 23:40:55,526][INFO] Episode: 1130 Frame:   223k Score:   31 Mean100: 20.07 Speed: 38.579f/s Mem: 2.86GB Epsilon: 0.02 Loss: 0.04 Q: 15.87
[2020-03-10 23:42:03,854][INFO] Episode: 1140 Frame:   226k Score:   25 Mean100: 20.71 Speed: 41.082f/s Mem: 2.86GB Epsilon: 0.02 Loss: 0.03 Q: 15.70
[2020-03-10 23:42:56,546][INFO] Episode: 1150 Frame:   228k Score:   24 Mean100: 20.65 Speed: 40.803f/s Mem: 2.86GB Epsilon: 0.02 Loss: 0.04 Q: 16.86
[2020-03-10 23:43:59,151][INFO] Episode: 1160 Frame:   231k Score:   25 Mean100: 21.14 Speed: 40.780f/s Mem: 2.86GB Epsilon: 0.02 Loss: 0.02 Q: 16.26
[2020-03-10 23:45:07,474][INFO] Episode: 1170 Frame:   234k Score:   16 Mean100: 21.22 Speed: 38.728f/s Mem: 2.86GB Epsilon: 0.02 Loss: 0.03 Q: 15.95
[2020-03-10 23:46:11,145][INFO] Episode: 1180 Frame:   236k Score:   25 Mean100: 21.52 Speed: 38.401f/s Mem: 2.86GB Epsilon: 0.02 Loss: 0.02 Q: 16.92
[2020-03-10 23:47:10,829][INFO] Episode: 1190 Frame:   238k Score:   14 Mean100: 21.44 Speed: 38.654f/s Mem: 2.86GB Epsilon: 0.02 Loss: 0.02 Q: 15.85
[2020-03-10 23:48:19,857][INFO] Episode: 1200 Frame:   241k Score:   26 Mean100: 22.35 Speed: 37.753f/s Mem: 2.86GB Epsilon: 0.02 Loss: 0.03 Q: 15.58
[2020-03-10 23:49:20,417][INFO] Episode: 1210 Frame:   243k Score:   14 Mean100: 22.22 Speed: 37.104f/s Mem: 2.86GB Epsilon: 0.02 Loss: 0.18 Q: 15.88
[2020-03-10 23:50:22,024][INFO] Episode: 1220 Frame:   246k Score:   29 Mean100: 22.31 Speed: 41.002f/s Mem: 2.86GB Epsilon: 0.02 Loss: 0.02 Q: 16.28
[2020-03-10 23:51:22,452][INFO] Episode: 1230 Frame:   248k Score:   23 Mean100: 21.88 Speed: 40.908f/s Mem: 2.86GB Epsilon: 0.02 Loss: 0.51 Q: 15.14
[2020-03-10 23:52:18,251][INFO] Episode: 1240 Frame:   250k Score:    4 Mean100: 21.39 Speed: 40.807f/s Mem: 2.86GB Epsilon: 0.02 Loss: 0.02 Q: 16.49
[2020-03-10 23:53:06,066][INFO] Episode: 1250 Frame:   252k Score:   26 Mean100: 20.92 Speed: 40.051f/s Mem: 2.86GB Epsilon: 0.02 Loss: 0.03 Q: 15.31
[2020-03-10 23:54:00,419][INFO] Episode: 1260 Frame:   254k Score:    8 Mean100: 20.45 Speed: 38.360f/s Mem: 2.86GB Epsilon: 0.02 Loss: 0.02 Q: 15.58
[2020-03-10 23:54:52,286][INFO] Episode: 1270 Frame:   256k Score:   23 Mean100: 19.88 Speed: 38.291f/s Mem: 2.86GB Epsilon: 0.02 Loss: 0.03 Q: 15.52
[2020-03-10 23:56:05,132][INFO] Episode: 1280 Frame:   259k Score:   30 Mean100: 20.06 Speed: 38.286f/s Mem: 2.86GB Epsilon: 0.02 Loss: 0.02 Q: 15.57
[2020-03-10 23:56:57,918][INFO] Episode: 1290 Frame:   261k Score:   29 Mean100: 19.84 Speed: 38.155f/s Mem: 2.86GB Epsilon: 0.02 Loss: 0.02 Q: 15.83
[2020-03-10 23:58:13,936][INFO] Episode: 1300 Frame:   264k Score:   33 Mean100: 19.89 Speed: 39.227f/s Mem: 2.86GB Epsilon: 0.02 Loss: 0.02 Q: 16.45
[2020-03-10 23:59:17,512][INFO] Episode: 1310 Frame:   267k Score:   15 Mean100: 20.16 Speed: 36.822f/s Mem: 2.86GB Epsilon: 0.02 Loss: 0.03 Q: 15.84
[2020-03-11 00:00:23,558][INFO] Episode: 1320 Frame:   269k Score:   20 Mean100: 20.25 Speed: 37.277f/s Mem: 2.86GB Epsilon: 0.02 Loss: 0.02 Q: 15.63
[2020-03-11 00:01:15,311][INFO] Episode: 1330 Frame:   271k Score:   21 Mean100: 19.83 Speed: 37.756f/s Mem: 2.86GB Epsilon: 0.02 Loss: 0.04 Q: 14.77
[2020-03-11 00:02:26,872][INFO] Episode: 1340 Frame:   274k Score:   25 Mean100: 20.34 Speed: 38.023f/s Mem: 2.86GB Epsilon: 0.02 Loss: 0.02 Q: 16.24
[2020-03-11 00:03:27,253][INFO] Episode: 1350 Frame:   276k Score:   20 Mean100: 20.60 Speed: 38.439f/s Mem: 2.86GB Epsilon: 0.02 Loss: 0.02 Q: 16.34
[2020-03-11 00:04:32,263][INFO] Episode: 1360 Frame:   278k Score:   13 Mean100: 21.09 Speed: 38.486f/s Mem: 2.86GB Epsilon: 0.02 Loss: 0.01 Q: 16.51
[2020-03-11 00:05:28,773][INFO] Episode: 1370 Frame:   281k Score:   16 Mean100: 21.07 Speed: 38.330f/s Mem: 2.86GB Epsilon: 0.02 Loss: 0.04 Q: 15.75
[2020-03-11 00:06:30,686][INFO] Episode: 1380 Frame:   283k Score:   21 Mean100: 20.67 Speed: 38.360f/s Mem: 2.86GB Epsilon: 0.02 Loss: 0.02 Q: 15.91
[2020-03-11 00:07:25,868][INFO] Episode: 1390 Frame:   285k Score:   18 Mean100: 21.01 Speed: 40.992f/s Mem: 2.86GB Epsilon: 0.02 Loss: 0.02 Q: 15.79
[2020-03-11 00:08:35,325][INFO] Episode: 1400 Frame:   288k Score:   23 Mean100: 20.74 Speed: 37.434f/s Mem: 2.86GB Epsilon: 0.02 Loss: 0.01 Q: 15.74
[2020-03-11 00:09:44,348][INFO] Episode: 1410 Frame:   290k Score:   29 Mean100: 21.07 Speed: 37.016f/s Mem: 2.86GB Epsilon: 0.02 Loss: 0.03 Q: 16.03
[2020-03-11 00:10:44,569][INFO] Episode: 1420 Frame:   293k Score:    7 Mean100: 20.72 Speed: 36.848f/s Mem: 2.86GB Epsilon: 0.02 Loss: 0.04 Q: 15.20
[2020-03-11 00:11:51,119][INFO] Episode: 1430 Frame:   295k Score:   13 Mean100: 21.13 Speed: 37.551f/s Mem: 2.86GB Epsilon: 0.02 Loss: 0.02 Q: 16.63
[2020-03-11 00:12:49,714][INFO] Episode: 1440 Frame:   297k Score:   15 Mean100: 20.81 Speed: 38.314f/s Mem: 2.86GB Epsilon: 0.02 Loss: 0.02 Q: 15.52
[2020-03-11 00:13:56,856][INFO] Episode: 1450 Frame:   300k Score:   21 Mean100: 21.36 Speed: 38.441f/s Mem: 2.86GB Epsilon: 0.02 Loss: 0.02 Q: 15.44
[2020-03-11 00:15:01,545][INFO] Episode: 1460 Frame:   302k Score:   23 Mean100: 21.46 Speed: 38.368f/s Mem: 2.86GB Epsilon: 0.02 Loss: 0.05 Q: 15.93
[2020-03-11 00:16:07,313][INFO] Episode: 1470 Frame:   305k Score:   33 Mean100: 21.89 Speed: 38.620f/s Mem: 2.86GB Epsilon: 0.02 Loss: 0.02 Q: 16.17
[2020-03-11 00:17:07,510][INFO] Episode: 1480 Frame:   307k Score:   20 Mean100: 21.86 Speed: 38.989f/s Mem: 2.86GB Epsilon: 0.02 Loss: 0.03 Q: 14.90
[2020-03-11 00:18:08,760][INFO] Episode: 1490 Frame:   310k Score:   14 Mean100: 21.80 Speed: 38.792f/s Mem: 2.86GB Epsilon: 0.02 Loss: 0.03 Q: 15.58
[2020-03-11 00:19:12,524][INFO] Episode: 1500 Frame:   312k Score:   17 Mean100: 21.67 Speed: 38.219f/s Mem: 2.86GB Epsilon: 0.02 Loss: 0.02 Q: 15.84
[2020-03-11 00:20:09,413][INFO] Episode: 1510 Frame:   314k Score:   25 Mean100: 21.06 Speed: 36.879f/s Mem: 2.86GB Epsilon: 0.02 Loss: 0.02 Q: 15.87
[2020-03-11 00:21:04,717][INFO] Episode: 1520 Frame:   316k Score:   26 Mean100: 20.84 Speed: 38.388f/s Mem: 2.86GB Epsilon: 0.02 Loss: 0.07 Q: 16.10
[2020-03-11 00:22:08,808][INFO] Episode: 1530 Frame:   319k Score:   14 Mean100: 20.92 Speed: 38.726f/s Mem: 2.86GB Epsilon: 0.02 Loss: 0.06 Q: 16.43
[2020-03-11 00:23:10,150][INFO] Episode: 1540 Frame:   321k Score:   22 Mean100: 21.16 Speed: 40.788f/s Mem: 2.86GB Epsilon: 0.02 Loss: 0.05 Q: 16.08
[2020-03-11 00:24:12,186][INFO] Episode: 1550 Frame:   324k Score:   26 Mean100: 21.11 Speed: 40.863f/s Mem: 2.86GB Epsilon: 0.02 Loss: 0.03 Q: 16.79
[2020-03-11 00:25:06,404][INFO] Episode: 1560 Frame:   326k Score:   26 Mean100: 20.56 Speed: 40.319f/s Mem: 2.86GB Epsilon: 0.02 Loss: 0.02 Q: 15.85
[2020-03-11 00:26:08,755][INFO] Episode: 1570 Frame:   328k Score:   19 Mean100: 20.26 Speed: 37.578f/s Mem: 2.86GB Epsilon: 0.02 Loss: 0.08 Q: 15.87
[2020-03-11 00:27:21,587][INFO] Episode: 1580 Frame:   331k Score:   33 Mean100: 20.41 Speed: 36.577f/s Mem: 2.86GB Epsilon: 0.02 Loss: 0.02 Q: 15.29
[2020-03-11 00:28:24,668][INFO] Episode: 1590 Frame:   333k Score:   25 Mean100: 20.39 Speed: 36.587f/s Mem: 2.86GB Epsilon: 0.02 Loss: 0.01 Q: 15.23
[2020-03-11 00:29:18,240][INFO] Episode: 1600 Frame:   335k Score:   22 Mean100: 20.17 Speed: 37.314f/s Mem: 2.86GB Epsilon: 0.02 Loss: 0.02 Q: 15.49
[2020-03-11 00:30:20,438][INFO] Episode: 1610 Frame:   338k Score:   21 Mean100: 20.52 Speed: 38.121f/s Mem: 2.86GB Epsilon: 0.02 Loss: 0.02 Q: 15.54
[2020-03-11 00:31:28,135][INFO] Episode: 1620 Frame:   340k Score:   23 Mean100: 21.18 Speed: 39.293f/s Mem: 2.86GB Epsilon: 0.02 Loss: 0.15 Q: 15.24
[2020-03-11 00:32:33,132][INFO] Episode: 1630 Frame:   343k Score:   16 Mean100: 21.41 Speed: 39.709f/s Mem: 2.86GB Epsilon: 0.02 Loss: 0.12 Q: 14.55
[2020-03-11 00:33:33,973][INFO] Episode: 1640 Frame:   345k Score:   31 Mean100: 21.13 Speed: 38.231f/s Mem: 2.86GB Epsilon: 0.02 Loss: 0.01 Q: 17.02
[2020-03-11 00:34:41,726][INFO] Episode: 1650 Frame:   348k Score:   20 Mean100: 21.25 Speed: 38.389f/s Mem: 2.86GB Epsilon: 0.02 Loss: 0.11 Q: 14.84
[2020-03-11 00:35:48,541][INFO] Episode: 1660 Frame:   350k Score:   27 Mean100: 21.93 Speed: 38.225f/s Mem: 2.86GB Epsilon: 0.02 Loss: 0.02 Q: 15.41
[2020-03-11 00:36:49,213][INFO] Episode: 1670 Frame:   353k Score:   25 Mean100: 21.91 Speed: 38.007f/s Mem: 2.86GB Epsilon: 0.02 Loss: 0.02 Q: 17.04
[2020-03-11 00:37:56,205][INFO] Episode: 1680 Frame:   355k Score:   35 Mean100: 22.08 Speed: 37.274f/s Mem: 2.86GB Epsilon: 0.02 Loss: 0.04 Q: 16.48
[2020-03-11 00:38:57,093][INFO] Episode: 1690 Frame:   358k Score:   10 Mean100: 22.08 Speed: 37.544f/s Mem: 2.86GB Epsilon: 0.02 Loss: 0.03 Q: 17.14
[2020-03-11 00:40:04,360][INFO] Episode: 1700 Frame:   360k Score:   32 Mean100: 22.66 Speed: 39.886f/s Mem: 2.86GB Epsilon: 0.02 Loss: 0.04 Q: 16.13
[2020-03-11 00:41:11,332][INFO] Episode: 1710 Frame:   363k Score:   28 Mean100: 22.94 Speed: 38.717f/s Mem: 2.86GB Epsilon: 0.02 Loss: 0.01 Q: 15.97
[2020-03-11 00:42:03,804][INFO] Episode: 1720 Frame:   365k Score:   17 Mean100: 22.20 Speed: 38.287f/s Mem: 2.86GB Epsilon: 0.02 Loss: 0.02 Q: 14.80
[2020-03-11 00:43:00,004][INFO] Episode: 1730 Frame:   367k Score:   20 Mean100: 21.67 Speed: 38.239f/s Mem: 2.86GB Epsilon: 0.02 Loss: 0.02 Q: 16.92
[2020-03-11 00:43:58,018][INFO] Episode: 1740 Frame:   369k Score:   13 Mean100: 21.57 Speed: 38.249f/s Mem: 2.86GB Epsilon: 0.02 Loss: 0.02 Q: 16.39
[2020-03-11 00:44:58,203][INFO] Episode: 1750 Frame:   372k Score:   23 Mean100: 21.21 Speed: 38.082f/s Mem: 2.86GB Epsilon: 0.02 Loss: 0.08 Q: 16.38
[2020-03-11 00:45:55,396][INFO] Episode: 1760 Frame:   374k Score:   13 Mean100: 20.62 Speed: 38.064f/s Mem: 2.86GB Epsilon: 0.02 Loss: 0.02 Q: 16.78
[2020-03-11 00:46:48,906][INFO] Episode: 1770 Frame:   376k Score:   32 Mean100: 20.59 Speed: 38.180f/s Mem: 2.86GB Epsilon: 0.02 Loss: 0.29 Q: 15.07
[2020-03-11 00:47:56,561][INFO] Episode: 1780 Frame:   378k Score:   21 Mean100: 20.79 Speed: 38.445f/s Mem: 2.86GB Epsilon: 0.02 Loss: 0.04 Q: 16.19
[2020-03-11 00:48:50,467][INFO] Episode: 1790 Frame:   381k Score:   27 Mean100: 20.77 Speed: 40.515f/s Mem: 2.86GB Epsilon: 0.02 Loss: 0.05 Q: 16.96
[2020-03-11 00:49:47,807][INFO] Episode: 1800 Frame:   383k Score:   15 Mean100: 20.17 Speed: 37.077f/s Mem: 2.86GB Epsilon: 0.02 Loss: 0.02 Q: 15.37
[2020-03-11 00:50:46,619][INFO] Episode: 1810 Frame:   385k Score:   13 Mean100: 19.73 Speed: 36.864f/s Mem: 2.86GB Epsilon: 0.02 Loss: 0.02 Q: 14.85
[2020-03-11 00:52:00,323][INFO] Episode: 1820 Frame:   388k Score:   25 Mean100: 20.55 Speed: 37.433f/s Mem: 2.86GB Epsilon: 0.02 Loss: 0.04 Q: 15.95
[2020-03-11 00:52:57,749][INFO] Episode: 1830 Frame:   390k Score:   24 Mean100: 20.59 Speed: 37.945f/s Mem: 2.86GB Epsilon: 0.02 Loss: 0.07 Q: 14.81
[2020-03-11 00:53:54,707][INFO] Episode: 1840 Frame:   392k Score:   14 Mean100: 20.54 Speed: 37.923f/s Mem: 2.86GB Epsilon: 0.02 Loss: 0.03 Q: 15.48
[2020-03-11 00:54:47,559][INFO] Episode: 1850 Frame:   394k Score:   22 Mean100: 20.35 Speed: 37.974f/s Mem: 2.86GB Epsilon: 0.02 Loss: 0.02 Q: 16.91
[2020-03-11 00:55:53,060][INFO] Episode: 1860 Frame:   396k Score:   19 Mean100: 20.72 Speed: 38.137f/s Mem: 2.86GB Epsilon: 0.02 Loss: 0.02 Q: 15.56
[2020-03-11 00:56:41,967][INFO] Episode: 1870 Frame:   398k Score:   22 Mean100: 20.40 Speed: 37.888f/s Mem: 2.86GB Epsilon: 0.02 Loss: 0.02 Q: 16.80
[2020-03-11 00:57:48,802][INFO] Episode: 1880 Frame:   401k Score:   28 Mean100: 20.18 Speed: 37.959f/s Mem: 2.86GB Epsilon: 0.02 Loss: 0.02 Q: 17.15
[2020-03-11 00:58:46,107][INFO] Episode: 1890 Frame:   403k Score:   19 Mean100: 20.25 Speed: 37.990f/s Mem: 2.86GB Epsilon: 0.02 Loss: 0.04 Q: 16.86
[2020-03-11 00:59:47,776][INFO] Episode: 1900 Frame:   405k Score:   15 Mean100: 20.45 Speed: 38.123f/s Mem: 2.86GB Epsilon: 0.02 Loss: 0.05 Q: 16.65
[2020-03-11 01:00:47,620][INFO] Episode: 1910 Frame:   408k Score:   21 Mean100: 20.79 Speed: 38.166f/s Mem: 2.86GB Epsilon: 0.02 Loss: 0.02 Q: 16.93
[2020-03-11 01:01:49,569][INFO] Episode: 1920 Frame:   410k Score:   24 Mean100: 20.63 Speed: 37.708f/s Mem: 2.86GB Epsilon: 0.02 Loss: 0.06 Q: 15.76
[2020-03-11 01:03:01,337][INFO] Episode: 1930 Frame:   413k Score:   28 Mean100: 21.16 Speed: 37.747f/s Mem: 2.86GB Epsilon: 0.02 Loss: 0.01 Q: 16.67
[2020-03-11 01:04:06,768][INFO] Episode: 1940 Frame:   415k Score:   23 Mean100: 21.62 Speed: 38.040f/s Mem: 2.86GB Epsilon: 0.02 Loss: 0.04 Q: 15.15
[2020-03-11 01:05:06,138][INFO] Episode: 1950 Frame:   417k Score:   20 Mean100: 21.69 Speed: 37.864f/s Mem: 2.86GB Epsilon: 0.02 Loss: 0.01 Q: 15.74
[2020-03-11 01:06:10,130][INFO] Episode: 1960 Frame:   420k Score:   25 Mean100: 21.64 Speed: 38.958f/s Mem: 2.86GB Epsilon: 0.02 Loss: 0.06 Q: 15.03
[2020-03-11 01:07:07,914][INFO] Episode: 1970 Frame:   422k Score:   18 Mean100: 21.92 Speed: 37.744f/s Mem: 2.86GB Epsilon: 0.02 Loss: 0.01 Q: 17.78
[2020-03-11 01:08:05,545][INFO] Episode: 1980 Frame:   424k Score:   24 Mean100: 21.71 Speed: 37.792f/s Mem: 2.86GB Epsilon: 0.02 Loss: 0.04 Q: 16.96
[2020-03-11 01:08:59,636][INFO] Episode: 1990 Frame:   426k Score:   20 Mean100: 21.51 Speed: 37.806f/s Mem: 2.86GB Epsilon: 0.02 Loss: 0.02 Q: 16.36
[2020-03-11 01:10:05,389][INFO] Episode: 2000 Frame:   429k Score:   31 Mean100: 21.47 Speed: 37.976f/s Mem: 2.86GB Epsilon: 0.02 Loss: 0.03 Q: 17.14
[2020-03-11 01:11:08,943][INFO] Episode: 2010 Frame:   431k Score:    9 Mean100: 21.21 Speed: 38.015f/s Mem: 2.86GB Epsilon: 0.02 Loss: 0.08 Q: 15.94
[2020-03-11 01:12:03,898][INFO] Episode: 2020 Frame:   433k Score:   23 Mean100: 20.57 Speed: 37.995f/s Mem: 2.86GB Epsilon: 0.02 Loss: 0.02 Q: 17.56
[2020-03-11 01:13:13,267][INFO] Episode: 2030 Frame:   436k Score:   17 Mean100: 20.28 Speed: 37.769f/s Mem: 2.86GB Epsilon: 0.02 Loss: 0.04 Q: 14.91
[2020-03-11 01:14:19,063][INFO] Episode: 2040 Frame:   438k Score:   25 Mean100: 20.17 Speed: 37.935f/s Mem: 2.86GB Epsilon: 0.02 Loss: 0.03 Q: 14.80
[2020-03-11 01:15:16,539][INFO] Episode: 2050 Frame:   441k Score:   27 Mean100: 20.06 Speed: 38.016f/s Mem: 2.86GB Epsilon: 0.02 Loss: 0.03 Q: 16.33
[2020-03-11 01:16:27,617][INFO] Episode: 2060 Frame:   443k Score:   23 Mean100: 19.97 Speed: 38.366f/s Mem: 2.86GB Epsilon: 0.02 Loss: 0.02 Q: 15.85
[2020-03-11 01:17:29,976][INFO] Episode: 2070 Frame:   446k Score:   30 Mean100: 20.25 Speed: 38.198f/s Mem: 2.86GB Epsilon: 0.02 Loss: 0.05 Q: 15.89
[2020-03-11 01:18:46,265][INFO] Episode: 2080 Frame:   449k Score:   23 Mean100: 20.48 Speed: 37.909f/s Mem: 2.86GB Epsilon: 0.02 Loss: 0.05 Q: 15.86
[2020-03-11 01:19:52,864][INFO] Episode: 2090 Frame:   451k Score:   23 Mean100: 20.82 Speed: 37.883f/s Mem: 2.86GB Epsilon: 0.02 Loss: 0.03 Q: 16.51
[2020-03-11 01:20:55,899][INFO] Episode: 2100 Frame:   454k Score:   18 Mean100: 20.90 Speed: 38.185f/s Mem: 2.86GB Epsilon: 0.02 Loss: 0.05 Q: 15.75
[2020-03-11 01:22:04,789][INFO] Episode: 2110 Frame:   456k Score:   24 Mean100: 21.18 Speed: 38.307f/s Mem: 2.86GB Epsilon: 0.02 Loss: 0.04 Q: 17.52
[2020-03-11 01:23:13,708][INFO] Episode: 2120 Frame:   459k Score:   14 Mean100: 21.65 Speed: 38.073f/s Mem: 2.86GB Epsilon: 0.02 Loss: 0.03 Q: 16.06
[2020-03-11 01:24:23,008][INFO] Episode: 2130 Frame:   461k Score:   15 Mean100: 21.63 Speed: 37.042f/s Mem: 2.86GB Epsilon: 0.02 Loss: 0.02 Q: 15.11
[2020-03-11 01:25:28,020][INFO] Episode: 2140 Frame:   464k Score:   21 Mean100: 21.35 Speed: 36.870f/s Mem: 2.86GB Epsilon: 0.02 Loss: 0.03 Q: 15.22
[2020-03-11 01:26:30,384][INFO] Episode: 2150 Frame:   466k Score:   12 Mean100: 21.47 Speed: 36.880f/s Mem: 2.86GB Epsilon: 0.02 Loss: 0.01 Q: 15.69
[2020-03-11 01:27:24,578][INFO] Episode: 2160 Frame:   468k Score:   13 Mean100: 20.97 Speed: 38.031f/s Mem: 2.86GB Epsilon: 0.02 Loss: 0.03 Q: 17.54
[2020-03-11 01:28:17,867][INFO] Episode: 2170 Frame:   470k Score:   19 Mean100: 20.52 Speed: 37.681f/s Mem: 2.86GB Epsilon: 0.02 Loss: 0.32 Q: 17.67
[2020-03-11 01:29:13,851][INFO] Episode: 2180 Frame:   472k Score:   20 Mean100: 20.06 Speed: 37.654f/s Mem: 2.86GB Epsilon: 0.02 Loss: 0.12 Q: 17.24
[2020-03-11 01:30:09,943][INFO] Episode: 2190 Frame:   474k Score:   12 Mean100: 19.77 Speed: 37.688f/s Mem: 2.86GB Epsilon: 0.02 Loss: 0.02 Q: 16.97
[2020-03-11 01:30:59,551][INFO] Episode: 2200 Frame:   476k Score:    9 Mean100: 19.10 Speed: 37.917f/s Mem: 2.86GB Epsilon: 0.02 Loss: 0.02 Q: 18.18
[2020-03-11 01:32:07,481][INFO] Episode: 2210 Frame:   479k Score:   29 Mean100: 19.05 Speed: 37.789f/s Mem: 2.86GB Epsilon: 0.02 Loss: 0.02 Q: 17.45
[2020-03-11 01:33:05,756][INFO] Episode: 2220 Frame:   481k Score:   20 Mean100: 18.93 Speed: 38.507f/s Mem: 2.86GB Epsilon: 0.02 Loss: 0.02 Q: 16.79
[2020-03-11 01:34:02,154][INFO] Episode: 2230 Frame:   483k Score:   14 Mean100: 18.55 Speed: 38.317f/s Mem: 2.86GB Epsilon: 0.02 Loss: 0.03 Q: 16.82
[2020-03-11 01:35:04,563][INFO] Episode: 2240 Frame:   486k Score:   24 Mean100: 18.56 Speed: 38.296f/s Mem: 2.86GB Epsilon: 0.02 Loss: 0.03 Q: 16.97
[2020-03-11 01:35:59,006][INFO] Episode: 2250 Frame:   488k Score:   11 Mean100: 18.35 Speed: 38.223f/s Mem: 2.86GB Epsilon: 0.02 Loss: 0.01 Q: 17.23
[2020-03-11 01:37:12,822][INFO] Episode: 2260 Frame:   490k Score:   31 Mean100: 19.02 Speed: 37.187f/s Mem: 2.86GB Epsilon: 0.02 Loss: 0.04 Q: 16.67
[2020-03-11 01:38:14,021][INFO] Episode: 2270 Frame:   493k Score:    3 Mean100: 18.93 Speed: 36.815f/s Mem: 2.86GB Epsilon: 0.02 Loss: 0.07 Q: 16.93
[2020-03-11 01:39:15,208][INFO] Episode: 2280 Frame:   495k Score:   23 Mean100: 18.91 Speed: 37.998f/s Mem: 2.86GB Epsilon: 0.02 Loss: 0.03 Q: 16.26
[2020-03-11 01:40:03,747][INFO] Episode: 2290 Frame:   497k Score:    6 Mean100: 18.48 Speed: 38.340f/s Mem: 2.86GB Epsilon: 0.02 Loss: 0.02 Q: 16.94
[2020-03-11 01:41:05,544][INFO] Episode: 2300 Frame:   499k Score:   23 Mean100: 18.93 Speed: 38.352f/s Mem: 2.86GB Epsilon: 0.02 Loss: 0.05 Q: 16.22
[2020-03-11 01:41:58,324][INFO] Episode: 2310 Frame:   501k Score:   10 Mean100: 18.36 Speed: 38.234f/s Mem: 2.86GB Epsilon: 0.02 Loss: 0.02 Q: 16.68
[2020-03-11 01:42:55,450][INFO] Episode: 2320 Frame:   503k Score:   26 Mean100: 18.31 Speed: 38.406f/s Mem: 2.86GB Epsilon: 0.02 Loss: 0.02 Q: 16.79
[2020-03-11 01:44:04,377][INFO] Episode: 2330 Frame:   506k Score:   28 Mean100: 18.78 Speed: 38.403f/s Mem: 2.86GB Epsilon: 0.02 Loss: 0.15 Q: 15.94
[2020-03-11 01:44:59,431][INFO] Episode: 2340 Frame:   508k Score:   22 Mean100: 18.77 Speed: 38.217f/s Mem: 2.86GB Epsilon: 0.02 Loss: 0.09 Q: 15.85
[2020-03-11 01:46:02,534][INFO] Episode: 2350 Frame:   511k Score:   30 Mean100: 19.22 Speed: 38.414f/s Mem: 2.86GB Epsilon: 0.02 Loss: 0.03 Q: 16.09
[2020-03-11 01:46:50,257][INFO] Episode: 2360 Frame:   512k Score:   21 Mean100: 18.60 Speed: 38.263f/s Mem: 2.86GB Epsilon: 0.02 Loss: 0.17 Q: 15.32
[2020-03-11 01:47:55,455][INFO] Episode: 2370 Frame:   515k Score:   18 Mean100: 18.92 Speed: 38.483f/s Mem: 2.86GB Epsilon: 0.02 Loss: 0.01 Q: 17.34
[2020-03-11 01:48:52,137][INFO] Episode: 2380 Frame:   517k Score:   16 Mean100: 18.87 Speed: 38.513f/s Mem: 2.86GB Epsilon: 0.02 Loss: 0.03 Q: 16.81
[2020-03-11 01:49:46,268][INFO] Episode: 2390 Frame:   519k Score:   19 Mean100: 19.24 Speed: 38.259f/s Mem: 2.86GB Epsilon: 0.02 Loss: 0.01 Q: 16.50
[2020-03-11 01:50:44,209][INFO] Episode: 2400 Frame:   521k Score:   25 Mean100: 19.18 Speed: 37.970f/s Mem: 2.86GB Epsilon: 0.02 Loss: 0.02 Q: 17.09
[2020-03-11 01:51:39,688][INFO] Episode: 2410 Frame:   524k Score:   12 Mean100: 19.38 Speed: 38.122f/s Mem: 2.86GB Epsilon: 0.02 Loss: 0.02 Q: 15.65
[2020-03-11 01:52:31,673][INFO] Episode: 2420 Frame:   526k Score:   14 Mean100: 19.25 Speed: 38.165f/s Mem: 2.86GB Epsilon: 0.02 Loss: 0.02 Q: 17.14
[2020-03-11 01:53:37,060][INFO] Episode: 2430 Frame:   528k Score:   25 Mean100: 19.05 Speed: 38.341f/s Mem: 2.86GB Epsilon: 0.02 Loss: 0.03 Q: 16.80
[2020-03-11 01:54:32,221][INFO] Episode: 2440 Frame:   530k Score:   24 Mean100: 18.75 Speed: 38.125f/s Mem: 2.86GB Epsilon: 0.02 Loss: 0.15 Q: 15.90
[2020-03-11 01:55:33,909][INFO] Episode: 2450 Frame:   532k Score:   31 Mean100: 18.70 Speed: 38.193f/s Mem: 2.86GB Epsilon: 0.02 Loss: 0.02 Q: 14.90
[2020-03-11 01:56:40,677][INFO] Episode: 2460 Frame:   535k Score:   15 Mean100: 19.29 Speed: 38.102f/s Mem: 2.86GB Epsilon: 0.02 Loss: 0.02 Q: 15.74
[2020-03-11 01:57:39,620][INFO] Episode: 2470 Frame:   537k Score:   17 Mean100: 19.20 Speed: 38.122f/s Mem: 2.86GB Epsilon: 0.02 Loss: 0.04 Q: 16.23
[2020-03-11 01:58:39,321][INFO] Episode: 2480 Frame:   540k Score:   25 Mean100: 19.50 Speed: 39.547f/s Mem: 2.86GB Epsilon: 0.02 Loss: 0.02 Q: 15.66
[2020-03-11 01:59:33,911][INFO] Episode: 2490 Frame:   542k Score:   10 Mean100: 19.31 Speed: 37.406f/s Mem: 2.86GB Epsilon: 0.02 Loss: 0.02 Q: 15.83
[2020-03-11 02:00:34,876][INFO] Episode: 2500 Frame:   544k Score:   23 Mean100: 19.54 Speed: 40.728f/s Mem: 2.86GB Epsilon: 0.02 Loss: 0.04 Q: 16.53
[2020-03-11 02:01:30,536][INFO] Episode: 2510 Frame:   546k Score:    4 Mean100: 19.72 Speed: 40.604f/s Mem: 2.86GB Epsilon: 0.02 Loss: 0.04 Q: 16.16
[2020-03-11 02:02:24,519][INFO] Episode: 2520 Frame:   549k Score:   28 Mean100: 19.96 Speed: 40.679f/s Mem: 2.86GB Epsilon: 0.02 Loss: 0.02 Q: 16.26
[2020-03-11 02:03:20,848][INFO] Episode: 2530 Frame:   551k Score:   22 Mean100: 20.11 Speed: 40.672f/s Mem: 2.86GB Epsilon: 0.02 Loss: 0.05 Q: 14.36
[2020-03-11 02:04:20,616][INFO] Episode: 2540 Frame:   553k Score:   13 Mean100: 20.43 Speed: 37.896f/s Mem: 2.86GB Epsilon: 0.02 Loss: 0.08 Q: 14.69
[2020-03-11 02:05:10,372][INFO] Episode: 2550 Frame:   555k Score:    7 Mean100: 19.88 Speed: 37.061f/s Mem: 2.86GB Epsilon: 0.02 Loss: 0.02 Q: 16.30
[2020-03-11 02:06:05,660][INFO] Episode: 2560 Frame:   557k Score:   22 Mean100: 19.50 Speed: 37.151f/s Mem: 2.86GB Epsilon: 0.02 Loss: 0.06 Q: 15.31
[2020-03-11 02:07:10,485][INFO] Episode: 2570 Frame:   559k Score:    9 Mean100: 19.80 Speed: 37.501f/s Mem: 2.86GB Epsilon: 0.02 Loss: 0.02 Q: 14.96
[2020-03-11 02:08:11,428][INFO] Episode: 2580 Frame:   562k Score:   23 Mean100: 20.01 Speed: 38.101f/s Mem: 2.86GB Epsilon: 0.02 Loss: 0.02 Q: 16.89
[2020-03-11 02:09:09,231][INFO] Episode: 2590 Frame:   564k Score:   15 Mean100: 20.41 Speed: 38.320f/s Mem: 2.86GB Epsilon: 0.02 Loss: 0.04 Q: 15.21
[2020-03-11 02:10:02,479][INFO] Episode: 2600 Frame:   566k Score:   26 Mean100: 20.23 Speed: 38.067f/s Mem: 2.86GB Epsilon: 0.02 Loss: 0.02 Q: 16.47
[2020-03-11 02:10:52,533][INFO] Episode: 2610 Frame:   568k Score:   21 Mean100: 19.92 Speed: 38.159f/s Mem: 2.86GB Epsilon: 0.02 Loss: 0.09 Q: 15.45
[2020-03-11 02:11:55,909][INFO] Episode: 2620 Frame:   570k Score:   18 Mean100: 20.09 Speed: 37.980f/s Mem: 2.86GB Epsilon: 0.02 Loss: 0.02 Q: 14.79
[2020-03-11 02:12:52,545][INFO] Episode: 2630 Frame:   573k Score:   11 Mean100: 20.12 Speed: 38.121f/s Mem: 2.86GB Epsilon: 0.02 Loss: 0.11 Q: 15.94
[2020-03-11 02:13:55,348][INFO] Episode: 2640 Frame:   575k Score:   16 Mean100: 20.27 Speed: 38.199f/s Mem: 2.86GB Epsilon: 0.02 Loss: 0.03 Q: 16.19
[2020-03-11 02:14:46,590][INFO] Episode: 2650 Frame:   577k Score:   31 Mean100: 20.39 Speed: 38.211f/s Mem: 2.86GB Epsilon: 0.02 Loss: 0.01 Q: 15.68
[2020-03-11 02:15:34,944][INFO] Episode: 2660 Frame:   579k Score:   23 Mean100: 20.17 Speed: 37.929f/s Mem: 2.86GB Epsilon: 0.02 Loss: 0.05 Q: 14.58
[2020-03-11 02:16:23,680][INFO] Episode: 2670 Frame:   581k Score:   15 Mean100: 19.60 Speed: 37.324f/s Mem: 2.86GB Epsilon: 0.02 Loss: 0.03 Q: 15.94
[2020-03-11 02:17:16,068][INFO] Episode: 2680 Frame:   583k Score:   28 Mean100: 19.18 Speed: 38.959f/s Mem: 2.86GB Epsilon: 0.02 Loss: 0.02 Q: 15.09
[2020-03-11 02:18:14,168][INFO] Episode: 2690 Frame:   585k Score:   22 Mean100: 19.31 Speed: 39.535f/s Mem: 2.86GB Epsilon: 0.02 Loss: 0.01 Q: 16.75
[2020-03-11 02:19:09,916][INFO] Episode: 2700 Frame:   587k Score:   13 Mean100: 19.32 Speed: 37.652f/s Mem: 2.86GB Epsilon: 0.02 Loss: 0.04 Q: 15.74
[2020-03-11 02:20:12,423][INFO] Episode: 2710 Frame:   589k Score:   25 Mean100: 19.66 Speed: 38.043f/s Mem: 2.86GB Epsilon: 0.02 Loss: 0.02 Q: 15.76
[2020-03-11 02:21:11,754][INFO] Episode: 2720 Frame:   592k Score:   20 Mean100: 19.27 Speed: 38.462f/s Mem: 2.86GB Epsilon: 0.02 Loss: 0.02 Q: 16.06
[2020-03-11 02:22:15,679][INFO] Episode: 2730 Frame:   594k Score:   12 Mean100: 19.34 Speed: 38.451f/s Mem: 2.86GB Epsilon: 0.02 Loss: 0.02 Q: 14.48
[2020-03-11 02:23:10,909][INFO] Episode: 2740 Frame:   596k Score:   19 Mean100: 19.15 Speed: 38.439f/s Mem: 2.86GB Epsilon: 0.02 Loss: 0.02 Q: 14.63
[2020-03-11 02:24:17,097][INFO] Episode: 2750 Frame:   599k Score:   23 Mean100: 19.85 Speed: 38.572f/s Mem: 2.86GB Epsilon: 0.02 Loss: 0.03 Q: 13.99
[2020-03-11 02:25:17,256][INFO] Episode: 2760 Frame:   601k Score:   15 Mean100: 20.16 Speed: 38.348f/s Mem: 2.86GB Epsilon: 0.02 Loss: 0.01 Q: 15.82
[2020-03-11 02:26:22,232][INFO] Episode: 2770 Frame:   604k Score:   26 Mean100: 20.75 Speed: 38.645f/s Mem: 2.86GB Epsilon: 0.02 Loss: 0.02 Q: 15.56
[2020-03-11 02:27:11,845][INFO] Episode: 2780 Frame:   605k Score:   26 Mean100: 20.53 Speed: 38.256f/s Mem: 2.86GB Epsilon: 0.02 Loss: 0.02 Q: 14.87
[2020-03-11 02:28:09,956][INFO] Episode: 2790 Frame:   608k Score:   22 Mean100: 20.30 Speed: 38.719f/s Mem: 2.86GB Epsilon: 0.02 Loss: 0.02 Q: 14.09
[2020-03-11 02:29:13,245][INFO] Episode: 2800 Frame:   610k Score:   10 Mean100: 20.57 Speed: 38.317f/s Mem: 2.86GB Epsilon: 0.02 Loss: 0.02 Q: 13.71
[2020-03-11 02:30:15,988][INFO] Episode: 2810 Frame:   613k Score:   23 Mean100: 20.69 Speed: 38.442f/s Mem: 2.86GB Epsilon: 0.02 Loss: 0.03 Q: 16.27
[2020-03-11 02:31:21,027][INFO] Episode: 2820 Frame:   615k Score:   17 Mean100: 21.31 Speed: 38.669f/s Mem: 2.86GB Epsilon: 0.02 Loss: 0.02 Q: 15.29
[2020-03-11 02:32:18,557][INFO] Episode: 2830 Frame:   617k Score:   31 Mean100: 21.04 Speed: 38.293f/s Mem: 2.86GB Epsilon: 0.02 Loss: 0.20 Q: 15.17
[2020-03-11 02:33:18,021][INFO] Episode: 2840 Frame:   620k Score:   24 Mean100: 21.23 Speed: 39.418f/s Mem: 2.86GB Epsilon: 0.02 Loss: 0.02 Q: 16.33
[2020-03-11 02:34:17,818][INFO] Episode: 2850 Frame:   622k Score:   20 Mean100: 21.18 Speed: 40.036f/s Mem: 2.86GB Epsilon: 0.02 Loss: 0.04 Q: 15.33
[2020-03-11 02:35:17,656][INFO] Episode: 2860 Frame:   624k Score:   11 Mean100: 21.37 Speed: 37.017f/s Mem: 2.86GB Epsilon: 0.02 Loss: 0.01 Q: 15.52
[2020-03-11 02:36:12,396][INFO] Episode: 2870 Frame:   626k Score:   18 Mean100: 21.04 Speed: 37.121f/s Mem: 2.86GB Epsilon: 0.02 Loss: 0.02 Q: 16.19
[2020-03-11 02:37:18,386][INFO] Episode: 2880 Frame:   629k Score:   26 Mean100: 21.68 Speed: 37.218f/s Mem: 2.86GB Epsilon: 0.02 Loss: 0.02 Q: 15.93
[2020-03-11 02:38:17,535][INFO] Episode: 2890 Frame:   631k Score:    9 Mean100: 22.03 Speed: 38.225f/s Mem: 2.86GB Epsilon: 0.02 Loss: 0.01 Q: 15.63
[2020-03-11 02:39:16,508][INFO] Episode: 2900 Frame:   633k Score:    5 Mean100: 21.96 Speed: 37.882f/s Mem: 2.86GB Epsilon: 0.02 Loss: 0.04 Q: 15.90
[2020-03-11 02:40:18,159][INFO] Episode: 2910 Frame:   636k Score:   13 Mean100: 21.78 Speed: 37.696f/s Mem: 2.86GB Epsilon: 0.02 Loss: 0.02 Q: 14.42
[2020-03-11 02:41:25,479][INFO] Episode: 2920 Frame:   638k Score:   26 Mean100: 21.69 Speed: 37.908f/s Mem: 2.86GB Epsilon: 0.02 Loss: 0.02 Q: 14.67
[2020-03-11 02:42:25,339][INFO] Episode: 2930 Frame:   640k Score:   26 Mean100: 21.70 Speed: 38.055f/s Mem: 2.86GB Epsilon: 0.02 Loss: 0.01 Q: 15.85
[2020-03-11 02:43:19,065][INFO] Episode: 2940 Frame:   642k Score:   17 Mean100: 21.50 Speed: 38.808f/s Mem: 2.86GB Epsilon: 0.02 Loss: 0.06 Q: 16.01
[2020-03-11 02:44:27,942][INFO] Episode: 2950 Frame:   645k Score:   20 Mean100: 21.77 Speed: 38.997f/s Mem: 2.86GB Epsilon: 0.02 Loss: 0.03 Q: 15.83
[2020-03-11 02:45:34,409][INFO] Episode: 2960 Frame:   648k Score:   22 Mean100: 22.09 Speed: 39.177f/s Mem: 2.86GB Epsilon: 0.02 Loss: 0.02 Q: 14.99
[2020-03-11 02:46:36,924][INFO] Episode: 2970 Frame:   650k Score:   31 Mean100: 22.48 Speed: 39.031f/s Mem: 2.86GB Epsilon: 0.02 Loss: 0.01 Q: 14.82
[2020-03-11 02:47:31,768][INFO] Episode: 2980 Frame:   652k Score:   31 Mean100: 22.02 Speed: 37.160f/s Mem: 2.86GB Epsilon: 0.02 Loss: 0.03 Q: 15.69
[2020-03-11 02:48:34,464][INFO] Episode: 2990 Frame:   655k Score:   23 Mean100: 22.00 Speed: 36.876f/s Mem: 2.86GB Epsilon: 0.02 Loss: 0.04 Q: 14.93
[2020-03-11 02:49:34,569][INFO] Episode: 3000 Frame:   657k Score:   22 Mean100: 22.03 Speed: 37.119f/s Mem: 2.86GB Epsilon: 0.02 Loss: 0.05 Q: 15.39
[2020-03-11 02:50:40,647][INFO] Episode: 3010 Frame:   659k Score:   15 Mean100: 22.35 Speed: 37.819f/s Mem: 2.86GB Epsilon: 0.02 Loss: 0.02 Q: 15.26
[2020-03-11 02:51:38,237][INFO] Episode: 3020 Frame:   661k Score:   19 Mean100: 21.89 Speed: 38.080f/s Mem: 2.86GB Epsilon: 0.02 Loss: 0.01 Q: 16.43
[2020-03-11 02:52:24,852][INFO] Episode: 3030 Frame:   663k Score:   17 Mean100: 21.45 Speed: 38.271f/s Mem: 2.86GB Epsilon: 0.02 Loss: 0.03 Q: 15.48
[2020-03-11 02:53:18,239][INFO] Episode: 3040 Frame:   665k Score:   15 Mean100: 21.40 Speed: 37.443f/s Mem: 2.86GB Epsilon: 0.02 Loss: 0.11 Q: 15.34
[2020-03-11 02:54:09,722][INFO] Episode: 3050 Frame:   667k Score:   22 Mean100: 20.77 Speed: 41.139f/s Mem: 2.86GB Epsilon: 0.02 Loss: 0.03 Q: 17.23
[2020-03-11 02:55:17,014][INFO] Episode: 3060 Frame:   670k Score:   23 Mean100: 20.91 Speed: 41.372f/s Mem: 2.86GB Epsilon: 0.02 Loss: 0.05 Q: 16.03
[2020-03-11 02:56:19,649][INFO] Episode: 3070 Frame:   673k Score:   32 Mean100: 21.03 Speed: 40.904f/s Mem: 2.86GB Epsilon: 0.02 Loss: 0.02 Q: 15.76
[2020-03-11 02:57:23,109][INFO] Episode: 3080 Frame:   675k Score:   21 Mean100: 21.51 Speed: 39.175f/s Mem: 2.86GB Epsilon: 0.02 Loss: 0.00 Q: 14.81
[2020-03-11 02:58:21,754][INFO] Episode: 3090 Frame:   677k Score:   19 Mean100: 21.28 Speed: 38.418f/s Mem: 2.86GB Epsilon: 0.02 Loss: 0.01 Q: 14.37
[2020-03-11 02:59:09,968][INFO] Episode: 3100 Frame:   679k Score:   13 Mean100: 20.78 Speed: 38.516f/s Mem: 2.86GB Epsilon: 0.02 Loss: 0.20 Q: 16.12
[2020-03-11 03:00:06,174][INFO] Episode: 3110 Frame:   681k Score:   32 Mean100: 20.41 Speed: 38.359f/s Mem: 2.86GB Epsilon: 0.02 Loss: 0.04 Q: 15.94
[2020-03-11 03:00:59,323][INFO] Episode: 3120 Frame:   684k Score:   26 Mean100: 20.52 Speed: 39.154f/s Mem: 2.86GB Epsilon: 0.02 Loss: 0.02 Q: 15.85
[2020-03-11 03:02:09,177][INFO] Episode: 3130 Frame:   686k Score:   27 Mean100: 21.50 Speed: 38.494f/s Mem: 2.86GB Epsilon: 0.02 Loss: 0.02 Q: 15.25
[2020-03-11 03:03:15,806][INFO] Episode: 3140 Frame:   689k Score:   20 Mean100: 21.98 Speed: 38.332f/s Mem: 2.86GB Epsilon: 0.02 Loss: 0.01 Q: 16.49
[2020-03-11 03:04:15,152][INFO] Episode: 3150 Frame:   691k Score:   14 Mean100: 21.75 Speed: 38.031f/s Mem: 2.86GB Epsilon: 0.02 Loss: 0.02 Q: 15.14
[2020-03-11 03:05:16,898][INFO] Episode: 3160 Frame:   693k Score:   16 Mean100: 21.17 Speed: 39.112f/s Mem: 2.86GB Epsilon: 0.02 Loss: 0.02 Q: 14.62
[2020-03-11 03:06:08,217][INFO] Episode: 3170 Frame:   696k Score:   21 Mean100: 20.73 Speed: 40.317f/s Mem: 2.86GB Epsilon: 0.02 Loss: 0.03 Q: 16.32
[2020-03-11 03:07:02,277][INFO] Episode: 3180 Frame:   698k Score:   25 Mean100: 20.52 Speed: 39.604f/s Mem: 2.86GB Epsilon: 0.02 Loss: 0.02 Q: 15.89
[2020-03-11 03:07:54,263][INFO] Episode: 3190 Frame:   700k Score:   16 Mean100: 20.43 Speed: 39.280f/s Mem: 2.86GB Epsilon: 0.02 Loss: 0.02 Q: 17.02
[2020-03-11 03:08:55,441][INFO] Episode: 3200 Frame:   702k Score:   30 Mean100: 20.97 Speed: 37.710f/s Mem: 2.86GB Epsilon: 0.02 Loss: 0.02 Q: 16.16
[2020-03-11 03:10:00,738][INFO] Episode: 3210 Frame:   704k Score:   24 Mean100: 21.38 Speed: 37.735f/s Mem: 2.86GB Epsilon: 0.02 Loss: 0.01 Q: 15.92
[2020-03-11 03:11:12,226][INFO] Episode: 3220 Frame:   707k Score:   20 Mean100: 21.93 Speed: 38.119f/s Mem: 2.86GB Epsilon: 0.02 Loss: 0.03 Q: 16.11
[2020-03-11 03:12:15,019][INFO] Episode: 3230 Frame:   710k Score:   26 Mean100: 21.87 Speed: 40.737f/s Mem: 2.86GB Epsilon: 0.02 Loss: 0.02 Q: 16.17
[2020-03-11 03:13:06,864][INFO] Episode: 3240 Frame:   712k Score:   10 Mean100: 21.39 Speed: 40.583f/s Mem: 2.86GB Epsilon: 0.02 Loss: 0.02 Q: 15.10
[2020-03-11 03:14:08,512][INFO] Episode: 3250 Frame:   714k Score:   20 Mean100: 21.83 Speed: 38.817f/s Mem: 2.86GB Epsilon: 0.02 Loss: 0.02 Q: 15.31
[2020-03-11 03:15:07,830][INFO] Episode: 3260 Frame:   717k Score:   12 Mean100: 21.93 Speed: 38.454f/s Mem: 2.86GB Epsilon: 0.02 Loss: 0.01 Q: 16.53
[2020-03-11 03:16:17,870][INFO] Episode: 3270 Frame:   719k Score:   15 Mean100: 22.55 Speed: 38.878f/s Mem: 2.86GB Epsilon: 0.02 Loss: 0.02 Q: 16.24
[2020-03-11 03:17:23,707][INFO] Episode: 3280 Frame:   722k Score:   33 Mean100: 22.91 Speed: 38.520f/s Mem: 2.86GB Epsilon: 0.02 Loss: 0.02 Q: 13.90
[2020-03-11 03:18:24,921][INFO] Episode: 3290 Frame:   724k Score:   26 Mean100: 23.02 Speed: 38.128f/s Mem: 2.86GB Epsilon: 0.02 Loss: 0.02 Q: 16.51
[2020-03-11 03:19:24,874][INFO] Episode: 3300 Frame:   726k Score:   25 Mean100: 22.95 Speed: 38.130f/s Mem: 2.86GB Epsilon: 0.02 Loss: 0.08 Q: 14.97
[2020-03-11 03:20:30,233][INFO] Episode: 3310 Frame:   729k Score:    7 Mean100: 22.77 Speed: 37.730f/s Mem: 2.86GB Epsilon: 0.02 Loss: 0.02 Q: 15.33
[2020-03-11 03:21:47,287][INFO] Episode: 3320 Frame:   732k Score:   12 Mean100: 22.71 Speed: 36.845f/s Mem: 2.86GB Epsilon: 0.02 Loss: 0.03 Q: 15.83
[2020-03-11 03:23:04,957][INFO] Episode: 3330 Frame:   735k Score:   18 Mean100: 22.90 Speed: 37.646f/s Mem: 2.86GB Epsilon: 0.02 Loss: 0.02 Q: 14.36
[2020-03-11 03:24:08,944][INFO] Episode: 3340 Frame:   737k Score:   14 Mean100: 23.04 Speed: 38.539f/s Mem: 2.86GB Epsilon: 0.02 Loss: 0.01 Q: 15.90
[2020-03-11 03:25:18,215][INFO] Episode: 3350 Frame:   740k Score:   32 Mean100: 23.29 Speed: 37.130f/s Mem: 2.86GB Epsilon: 0.02 Loss: 0.03 Q: 15.02
[2020-03-11 03:26:26,749][INFO] Episode: 3360 Frame:   742k Score:   33 Mean100: 23.53 Speed: 37.646f/s Mem: 2.86GB Epsilon: 0.02 Loss: 0.01 Q: 15.67
[2020-03-11 03:27:28,259][INFO] Episode: 3370 Frame:   745k Score:   23 Mean100: 23.24 Speed: 39.766f/s Mem: 2.86GB Epsilon: 0.02 Loss: 0.02 Q: 15.64
[2020-03-11 03:28:33,297][INFO] Episode: 3380 Frame:   747k Score:   25 Mean100: 23.07 Speed: 38.239f/s Mem: 2.86GB Epsilon: 0.02 Loss: 0.01 Q: 15.36
[2020-03-11 03:29:38,451][INFO] Episode: 3390 Frame:   750k Score:   35 Mean100: 23.43 Speed: 38.478f/s Mem: 2.86GB Epsilon: 0.02 Loss: 0.03 Q: 15.21
[2020-03-11 03:30:34,966][INFO] Episode: 3400 Frame:   752k Score:   12 Mean100: 23.46 Speed: 38.343f/s Mem: 2.86GB Epsilon: 0.02 Loss: 0.02 Q: 14.76
[2020-03-11 03:31:35,856][INFO] Episode: 3410 Frame:   754k Score:   22 Mean100: 23.46 Speed: 38.282f/s Mem: 2.86GB Epsilon: 0.02 Loss: 0.05 Q: 15.03
[2020-03-11 03:32:37,896][INFO] Episode: 3420 Frame:   757k Score:   26 Mean100: 23.24 Speed: 37.766f/s Mem: 2.86GB Epsilon: 0.02 Loss: 0.03 Q: 15.96
[2020-03-11 03:33:42,873][INFO] Episode: 3430 Frame:   759k Score:   18 Mean100: 22.94 Speed: 37.059f/s Mem: 2.86GB Epsilon: 0.02 Loss: 0.07 Q: 14.52
[2020-03-11 03:34:52,225][INFO] Episode: 3440 Frame:   762k Score:   18 Mean100: 23.35 Speed: 37.000f/s Mem: 2.86GB Epsilon: 0.02 Loss: 0.08 Q: 15.62
[2020-03-11 03:36:01,435][INFO] Episode: 3450 Frame:   764k Score:   19 Mean100: 23.18 Speed: 36.700f/s Mem: 2.86GB Epsilon: 0.02 Loss: 0.03 Q: 16.27
[2020-03-11 03:37:02,158][INFO] Episode: 3460 Frame:   766k Score:   29 Mean100: 22.86 Speed: 36.806f/s Mem: 2.86GB Epsilon: 0.02 Loss: 0.02 Q: 16.58
[2020-03-11 03:38:05,056][INFO] Episode: 3470 Frame:   769k Score:   18 Mean100: 22.72 Speed: 38.317f/s Mem: 2.86GB Epsilon: 0.02 Loss: 0.02 Q: 15.91
[2020-03-11 03:39:03,192][INFO] Episode: 3480 Frame:   771k Score:   23 Mean100: 22.75 Speed: 38.444f/s Mem: 2.86GB Epsilon: 0.02 Loss: 0.01 Q: 15.92
[2020-03-11 03:39:58,243][INFO] Episode: 3490 Frame:   773k Score:   22 Mean100: 22.24 Speed: 37.438f/s Mem: 2.86GB Epsilon: 0.02 Loss: 0.01 Q: 16.16
[2020-03-11 03:41:07,762][INFO] Episode: 3500 Frame:   776k Score:   32 Mean100: 22.60 Speed: 38.133f/s Mem: 2.86GB Epsilon: 0.02 Loss: 0.03 Q: 15.79
[2020-03-11 03:42:11,421][INFO] Episode: 3510 Frame:   778k Score:   21 Mean100: 22.76 Speed: 38.282f/s Mem: 2.86GB Epsilon: 0.02 Loss: 0.01 Q: 15.29
[2020-03-11 03:43:15,728][INFO] Episode: 3520 Frame:   781k Score:   31 Mean100: 22.81 Speed: 38.207f/s Mem: 2.86GB Epsilon: 0.02 Loss: 0.04 Q: 14.97
[2020-03-11 03:44:19,329][INFO] Episode: 3530 Frame:   783k Score:   15 Mean100: 22.73 Speed: 38.333f/s Mem: 2.86GB Epsilon: 0.02 Loss: 0.02 Q: 15.63
[2020-03-11 03:45:26,497][INFO] Episode: 3540 Frame:   786k Score:   33 Mean100: 22.94 Speed: 38.366f/s Mem: 2.86GB Epsilon: 0.02 Loss: 0.02 Q: 17.16
[2020-03-11 03:46:26,976][INFO] Episode: 3550 Frame:   788k Score:   31 Mean100: 22.79 Speed: 38.344f/s Mem: 2.86GB Epsilon: 0.02 Loss: 0.03 Q: 15.89
[2020-03-11 03:47:19,155][INFO] Episode: 3560 Frame:   790k Score:   18 Mean100: 22.58 Speed: 38.311f/s Mem: 2.86GB Epsilon: 0.02 Loss: 0.02 Q: 15.35
[2020-03-11 03:48:21,341][INFO] Episode: 3570 Frame:   792k Score:   25 Mean100: 22.82 Speed: 38.401f/s Mem: 2.86GB Epsilon: 0.02 Loss: 0.01 Q: 16.49
[2020-03-11 03:49:18,878][INFO] Episode: 3580 Frame:   794k Score:   17 Mean100: 22.53 Speed: 38.323f/s Mem: 2.86GB Epsilon: 0.02 Loss: 0.02 Q: 16.78
[2020-03-11 03:50:29,331][INFO] Episode: 3590 Frame:   797k Score:   11 Mean100: 23.13 Speed: 38.508f/s Mem: 2.86GB Epsilon: 0.02 Loss: 0.03 Q: 14.59
[2020-03-11 03:51:35,151][INFO] Episode: 3600 Frame:   800k Score:   30 Mean100: 23.15 Speed: 38.302f/s Mem: 2.86GB Epsilon: 0.02 Loss: 0.35 Q: 15.17
[2020-03-11 03:52:39,166][INFO] Episode: 3610 Frame:   802k Score:   21 Mean100: 23.12 Speed: 38.116f/s Mem: 2.86GB Epsilon: 0.02 Loss: 0.01 Q: 17.14
[2020-03-11 03:53:45,150][INFO] Episode: 3620 Frame:   805k Score:   24 Mean100: 23.26 Speed: 38.449f/s Mem: 2.86GB Epsilon: 0.02 Loss: 0.05 Q: 14.52
[2020-03-11 03:54:48,996][INFO] Episode: 3630 Frame:   807k Score:   14 Mean100: 23.26 Speed: 38.405f/s Mem: 2.86GB Epsilon: 0.02 Loss: 0.04 Q: 16.17
[2020-03-11 03:55:43,876][INFO] Episode: 3640 Frame:   809k Score:   19 Mean100: 22.65 Speed: 38.302f/s Mem: 2.86GB Epsilon: 0.02 Loss: 0.01 Q: 14.52
[2020-03-11 03:56:46,994][INFO] Episode: 3650 Frame:   812k Score:   25 Mean100: 22.90 Speed: 38.166f/s Mem: 2.86GB Epsilon: 0.02 Loss: 0.02 Q: 14.96
[2020-03-11 03:57:45,909][INFO] Episode: 3660 Frame:   814k Score:   22 Mean100: 23.24 Speed: 36.952f/s Mem: 2.86GB Epsilon: 0.02 Loss: 0.04 Q: 15.68
[2020-03-11 03:58:47,782][INFO] Episode: 3670 Frame:   816k Score:   21 Mean100: 23.20 Speed: 37.141f/s Mem: 2.86GB Epsilon: 0.02 Loss: 0.04 Q: 15.27
[2020-03-11 03:59:38,844][INFO] Episode: 3680 Frame:   818k Score:   14 Mean100: 23.01 Speed: 38.248f/s Mem: 2.86GB Epsilon: 0.02 Loss: 0.01 Q: 16.49
[2020-03-11 04:00:36,427][INFO] Episode: 3690 Frame:   820k Score:   14 Mean100: 22.67 Speed: 38.432f/s Mem: 2.86GB Epsilon: 0.02 Loss: 0.05 Q: 15.86
[2020-03-11 04:01:23,907][INFO] Episode: 3700 Frame:   822k Score:   19 Mean100: 21.80 Speed: 39.132f/s Mem: 2.86GB Epsilon: 0.02 Loss: 0.01 Q: 16.30
[2020-03-11 04:02:26,936][INFO] Episode: 3710 Frame:   825k Score:   17 Mean100: 21.83 Speed: 39.173f/s Mem: 2.86GB Epsilon: 0.02 Loss: 0.01 Q: 16.33
[2020-03-11 04:03:28,691][INFO] Episode: 3720 Frame:   827k Score:   16 Mean100: 21.48 Speed: 37.422f/s Mem: 2.86GB Epsilon: 0.02 Loss: 0.02 Q: 15.48
[2020-03-11 04:04:29,718][INFO] Episode: 3730 Frame:   829k Score:   27 Mean100: 21.45 Speed: 38.196f/s Mem: 2.86GB Epsilon: 0.02 Loss: 0.01 Q: 15.78
[2020-03-11 04:05:31,787][INFO] Episode: 3740 Frame:   832k Score:   29 Mean100: 21.55 Speed: 37.861f/s Mem: 2.86GB Epsilon: 0.02 Loss: 0.01 Q: 15.87
[2020-03-11 04:06:31,328][INFO] Episode: 3750 Frame:   834k Score:   15 Mean100: 21.50 Speed: 36.832f/s Mem: 2.86GB Epsilon: 0.02 Loss: 0.01 Q: 17.04
[2020-03-11 04:07:35,216][INFO] Episode: 3760 Frame:   836k Score:   13 Mean100: 21.56 Speed: 36.877f/s Mem: 2.86GB Epsilon: 0.02 Loss: 0.03 Q: 15.76
[2020-03-11 04:08:27,196][INFO] Episode: 3770 Frame:   838k Score:   15 Mean100: 21.10 Speed: 38.149f/s Mem: 2.86GB Epsilon: 0.02 Loss: 0.03 Q: 16.08
[2020-03-11 04:09:29,695][INFO] Episode: 3780 Frame:   841k Score:   16 Mean100: 21.62 Speed: 38.593f/s Mem: 2.86GB Epsilon: 0.02 Loss: 0.03 Q: 16.42
[2020-03-11 04:10:24,401][INFO] Episode: 3790 Frame:   843k Score:   28 Mean100: 21.53 Speed: 38.423f/s Mem: 2.86GB Epsilon: 0.02 Loss: 0.04 Q: 15.39
[2020-03-11 04:11:06,191][INFO] Episode: 3800 Frame:   844k Score:   14 Mean100: 21.30 Speed: 38.143f/s Mem: 2.86GB Epsilon: 0.02 Loss: 0.01 Q: 15.84
[2020-03-11 04:12:08,057][INFO] Episode: 3810 Frame:   847k Score:   27 Mean100: 21.32 Speed: 38.406f/s Mem: 2.86GB Epsilon: 0.02 Loss: 0.05 Q: 14.90
[2020-03-11 04:13:01,469][INFO] Episode: 3820 Frame:   849k Score:   18 Mean100: 21.04 Speed: 38.324f/s Mem: 2.86GB Epsilon: 0.02 Loss: 0.02 Q: 15.15
[2020-03-11 04:13:59,509][INFO] Episode: 3830 Frame:   851k Score:   23 Mean100: 20.93 Speed: 38.422f/s Mem: 2.86GB Epsilon: 0.02 Loss: 0.03 Q: 14.60
[2020-03-11 04:15:09,118][INFO] Episode: 3840 Frame:   854k Score:   18 Mean100: 21.20 Speed: 38.400f/s Mem: 2.86GB Epsilon: 0.02 Loss: 0.02 Q: 14.97
[2020-03-11 04:15:58,355][INFO] Episode: 3850 Frame:   855k Score:   13 Mean100: 20.55 Speed: 38.244f/s Mem: 2.86GB Epsilon: 0.02 Loss: 0.03 Q: 15.97
[2020-03-11 04:16:55,674][INFO] Episode: 3860 Frame:   858k Score:   16 Mean100: 20.34 Speed: 38.451f/s Mem: 2.86GB Epsilon: 0.02 Loss: 0.02 Q: 15.86
[2020-03-11 04:17:56,393][INFO] Episode: 3870 Frame:   860k Score:   28 Mean100: 20.71 Speed: 38.226f/s Mem: 2.86GB Epsilon: 0.02 Loss: 0.02 Q: 15.17
[2020-03-11 04:18:56,356][INFO] Episode: 3880 Frame:   862k Score:   18 Mean100: 20.36 Speed: 38.090f/s Mem: 2.86GB Epsilon: 0.02 Loss: 0.02 Q: 15.87
[2020-03-11 04:19:56,599][INFO] Episode: 3890 Frame:   865k Score:   12 Mean100: 20.48 Speed: 38.345f/s Mem: 2.86GB Epsilon: 0.02 Loss: 0.02 Q: 15.59
[2020-03-11 04:21:10,272][INFO] Episode: 3900 Frame:   867k Score:   33 Mean100: 21.54 Speed: 38.413f/s Mem: 2.86GB Epsilon: 0.02 Loss: 0.02 Q: 14.91
[2020-03-11 04:22:07,380][INFO] Episode: 3910 Frame:   870k Score:   28 Mean100: 21.27 Speed: 38.453f/s Mem: 2.86GB Epsilon: 0.02 Loss: 0.02 Q: 15.11
[2020-03-11 04:23:12,935][INFO] Episode: 3920 Frame:   872k Score:   24 Mean100: 21.71 Speed: 38.335f/s Mem: 2.86GB Epsilon: 0.02 Loss: 0.01 Q: 15.57
[2020-03-11 04:24:07,414][INFO] Episode: 3930 Frame:   874k Score:   17 Mean100: 21.50 Speed: 38.363f/s Mem: 2.86GB Epsilon: 0.02 Loss: 0.02 Q: 15.16
[2020-03-11 04:25:29,745][INFO] Episode: 3940 Frame:   877k Score:   24 Mean100: 21.68 Speed: 38.187f/s Mem: 2.86GB Epsilon: 0.02 Loss: 0.01 Q: 14.48
[2020-03-11 04:26:36,223][INFO] Episode: 3950 Frame:   880k Score:   23 Mean100: 22.45 Speed: 38.314f/s Mem: 2.86GB Epsilon: 0.02 Loss: 0.02 Q: 15.31
[2020-03-11 04:27:50,926][INFO] Episode: 3960 Frame:   883k Score:   26 Mean100: 23.11 Speed: 38.418f/s Mem: 2.86GB Epsilon: 0.02 Loss: 0.02 Q: 15.40
[2020-03-11 04:28:50,885][INFO] Episode: 3970 Frame:   885k Score:    8 Mean100: 22.90 Speed: 38.427f/s Mem: 2.86GB Epsilon: 0.02 Loss: 0.01 Q: 15.10
[2020-03-11 04:29:49,628][INFO] Episode: 3980 Frame:   887k Score:   28 Mean100: 23.06 Speed: 38.387f/s Mem: 2.86GB Epsilon: 0.02 Loss: 0.01 Q: 15.11
[2020-03-11 04:31:00,114][INFO] Episode: 3990 Frame:   890k Score:   23 Mean100: 23.26 Speed: 38.447f/s Mem: 2.86GB Epsilon: 0.02 Loss: 0.02 Q: 15.02
[2020-03-11 04:32:01,362][INFO] Episode: 4000 Frame:   892k Score:   15 Mean100: 23.00 Speed: 38.401f/s Mem: 2.86GB Epsilon: 0.02 Loss: 0.02 Q: 15.87
[2020-03-11 04:33:20,053][INFO] Episode: 4010 Frame:   895k Score:   22 Mean100: 23.45 Speed: 38.467f/s Mem: 2.86GB Epsilon: 0.02 Loss: 0.02 Q: 15.58
[2020-03-11 04:34:13,998][INFO] Episode: 4020 Frame:   898k Score:   23 Mean100: 23.12 Speed: 39.281f/s Mem: 2.86GB Epsilon: 0.02 Loss: 0.03 Q: 15.21
[2020-03-11 04:35:06,657][INFO] Episode: 4030 Frame:   900k Score:    9 Mean100: 23.14 Speed: 40.734f/s Mem: 2.86GB Epsilon: 0.02 Loss: 0.02 Q: 15.81
[2020-03-11 04:35:59,115][INFO] Episode: 4040 Frame:   902k Score:   21 Mean100: 22.59 Speed: 40.738f/s Mem: 2.86GB Epsilon: 0.02 Loss: 0.01 Q: 15.39
[2020-03-11 04:36:57,794][INFO] Episode: 4050 Frame:   904k Score:   19 Mean100: 22.28 Speed: 39.588f/s Mem: 2.86GB Epsilon: 0.02 Loss: 0.04 Q: 14.03
[2020-03-11 04:37:58,165][INFO] Episode: 4060 Frame:   906k Score:   29 Mean100: 21.94 Speed: 38.578f/s Mem: 2.86GB Epsilon: 0.02 Loss: 0.01 Q: 16.21
[2020-03-11 04:39:01,409][INFO] Episode: 4070 Frame:   909k Score:   30 Mean100: 22.21 Speed: 38.802f/s Mem: 2.86GB Epsilon: 0.02 Loss: 0.02 Q: 14.75
[2020-03-11 04:39:54,081][INFO] Episode: 4080 Frame:   911k Score:   13 Mean100: 21.99 Speed: 38.560f/s Mem: 2.86GB Epsilon: 0.02 Loss: 0.01 Q: 15.14
[2020-03-11 04:41:01,822][INFO] Episode: 4090 Frame:   914k Score:   23 Mean100: 22.09 Speed: 38.455f/s Mem: 2.86GB Epsilon: 0.02 Loss: 0.03 Q: 15.77
[2020-03-11 04:42:09,501][INFO] Episode: 4100 Frame:   916k Score:    8 Mean100: 22.22 Speed: 38.505f/s Mem: 2.86GB Epsilon: 0.02 Loss: 0.01 Q: 14.62
[2020-03-11 04:43:10,846][INFO] Episode: 4110 Frame:   919k Score:   29 Mean100: 22.00 Speed: 38.357f/s Mem: 2.86GB Epsilon: 0.02 Loss: 0.03 Q: 15.43
[2020-03-11 04:44:24,865][INFO] Episode: 4120 Frame:   921k Score:   17 Mean100: 22.46 Speed: 38.436f/s Mem: 2.86GB Epsilon: 0.02 Loss: 0.03 Q: 14.87
[2020-03-11 04:45:17,803][INFO] Episode: 4130 Frame:   923k Score:   29 Mean100: 22.48 Speed: 38.403f/s Mem: 2.86GB Epsilon: 0.02 Loss: 0.01 Q: 15.00
[2020-03-11 04:46:22,123][INFO] Episode: 4140 Frame:   926k Score:   14 Mean100: 22.76 Speed: 38.542f/s Mem: 2.86GB Epsilon: 0.02 Loss: 0.02 Q: 14.22
[2020-03-11 04:47:30,138][INFO] Episode: 4150 Frame:   928k Score:   17 Mean100: 22.93 Speed: 38.476f/s Mem: 2.86GB Epsilon: 0.02 Loss: 0.02 Q: 14.42
[2020-03-11 04:48:23,539][INFO] Episode: 4160 Frame:   931k Score:   22 Mean100: 22.54 Speed: 38.502f/s Mem: 2.86GB Epsilon: 0.02 Loss: 0.03 Q: 15.40
[2020-03-11 04:49:27,252][INFO] Episode: 4170 Frame:   933k Score:   19 Mean100: 22.63 Speed: 38.344f/s Mem: 2.86GB Epsilon: 0.02 Loss: 0.03 Q: 13.48
[2020-03-11 04:50:36,953][INFO] Episode: 4180 Frame:   936k Score:   24 Mean100: 23.14 Speed: 38.551f/s Mem: 2.86GB Epsilon: 0.02 Loss: 0.02 Q: 16.36
[2020-03-11 04:51:30,682][INFO] Episode: 4190 Frame:   938k Score:    8 Mean100: 22.48 Speed: 38.284f/s Mem: 2.86GB Epsilon: 0.02 Loss: 0.04 Q: 15.74
[2020-03-11 04:52:37,933][INFO] Episode: 4200 Frame:   940k Score:   21 Mean100: 22.66 Speed: 38.468f/s Mem: 2.86GB Epsilon: 0.02 Loss: 0.03 Q: 15.27
[2020-03-11 04:53:39,151][INFO] Episode: 4210 Frame:   943k Score:   28 Mean100: 22.67 Speed: 38.241f/s Mem: 2.86GB Epsilon: 0.02 Loss: 0.02 Q: 15.95
[2020-03-11 04:54:53,221][INFO] Episode: 4220 Frame:   946k Score:   30 Mean100: 22.89 Speed: 38.274f/s Mem: 2.86GB Epsilon: 0.02 Loss: 0.01 Q: 15.20
[2020-03-11 04:55:56,935][INFO] Episode: 4230 Frame:   948k Score:   27 Mean100: 23.54 Speed: 38.312f/s Mem: 2.86GB Epsilon: 0.02 Loss: 0.02 Q: 13.66
[2020-03-11 04:56:52,975][INFO] Episode: 4240 Frame:   950k Score:   25 Mean100: 23.25 Speed: 38.312f/s Mem: 2.86GB Epsilon: 0.02 Loss: 0.03 Q: 13.31
[2020-03-11 04:57:42,905][INFO] Episode: 4250 Frame:   952k Score:    7 Mean100: 22.64 Speed: 38.354f/s Mem: 2.86GB Epsilon: 0.02 Loss: 0.02 Q: 14.61
[2020-03-11 04:58:44,183][INFO] Episode: 4260 Frame:   954k Score:   22 Mean100: 22.97 Speed: 38.431f/s Mem: 2.86GB Epsilon: 0.02 Loss: 0.01 Q: 16.58
[2020-03-11 04:59:45,646][INFO] Episode: 4270 Frame:   957k Score:   14 Mean100: 22.88 Speed: 38.641f/s Mem: 2.86GB Epsilon: 0.02 Loss: 0.02 Q: 16.06
[2020-03-11 05:00:41,579][INFO] Episode: 4280 Frame:   959k Score:   10 Mean100: 22.38 Speed: 38.349f/s Mem: 2.86GB Epsilon: 0.02 Loss: 0.02 Q: 14.73
[2020-03-11 05:01:35,094][INFO] Episode: 4290 Frame:   961k Score:   21 Mean100: 22.63 Speed: 38.513f/s Mem: 2.86GB Epsilon: 0.02 Loss: 0.02 Q: 16.41
[2020-03-11 05:02:31,287][INFO] Episode: 4300 Frame:   963k Score:   18 Mean100: 22.16 Speed: 38.404f/s Mem: 2.86GB Epsilon: 0.02 Loss: 0.04 Q: 15.46
[2020-03-11 05:03:28,738][INFO] Episode: 4310 Frame:   965k Score:   18 Mean100: 21.87 Speed: 38.346f/s Mem: 2.86GB Epsilon: 0.02 Loss: 0.02 Q: 15.35
[2020-03-11 05:04:22,983][INFO] Episode: 4320 Frame:   967k Score:   25 Mean100: 21.25 Speed: 40.059f/s Mem: 2.86GB Epsilon: 0.02 Loss: 0.01 Q: 15.50
[2020-03-11 05:05:13,363][INFO] Episode: 4330 Frame:   970k Score:   33 Mean100: 20.71 Speed: 40.551f/s Mem: 2.86GB Epsilon: 0.02 Loss: 0.03 Q: 15.08
[2020-03-11 05:06:21,093][INFO] Episode: 4340 Frame:   972k Score:   30 Mean100: 21.29 Speed: 37.591f/s Mem: 2.86GB Epsilon: 0.02 Loss: 0.02 Q: 15.33
[2020-03-11 05:07:26,660][INFO] Episode: 4350 Frame:   975k Score:   27 Mean100: 21.91 Speed: 37.793f/s Mem: 2.86GB Epsilon: 0.02 Loss: 0.03 Q: 14.46
[2020-03-11 05:08:28,740][INFO] Episode: 4360 Frame:   977k Score:   31 Mean100: 21.93 Speed: 38.241f/s Mem: 2.86GB Epsilon: 0.02 Loss: 0.01 Q: 14.74
[2020-03-11 05:09:26,323][INFO] Episode: 4370 Frame:   979k Score:   19 Mean100: 21.71 Speed: 38.153f/s Mem: 2.86GB Epsilon: 0.02 Loss: 0.03 Q: 13.36
[2020-03-11 05:10:19,201][INFO] Episode: 4380 Frame:   981k Score:   20 Mean100: 21.51 Speed: 38.334f/s Mem: 2.86GB Epsilon: 0.02 Loss: 0.01 Q: 15.85
[2020-03-11 05:11:29,165][INFO] Episode: 4390 Frame:   984k Score:   33 Mean100: 22.12 Speed: 38.477f/s Mem: 2.86GB Epsilon: 0.02 Loss: 0.01 Q: 15.48
[2020-03-11 05:12:24,576][INFO] Episode: 4400 Frame:   986k Score:   15 Mean100: 22.13 Speed: 38.368f/s Mem: 2.86GB Epsilon: 0.02 Loss: 0.02 Q: 14.08
[2020-03-11 05:13:22,623][INFO] Episode: 4410 Frame:   988k Score:   19 Mean100: 22.13 Speed: 38.451f/s Mem: 2.86GB Epsilon: 0.02 Loss: 0.02 Q: 15.01
[2020-03-11 05:14:21,317][INFO] Episode: 4420 Frame:   990k Score:   17 Mean100: 22.38 Speed: 38.437f/s Mem: 2.86GB Epsilon: 0.02 Loss: 0.01 Q: 15.10
[2020-03-11 05:15:31,712][INFO] Episode: 4430 Frame:   993k Score:   24 Mean100: 22.87 Speed: 38.284f/s Mem: 2.86GB Epsilon: 0.02 Loss: 0.02 Q: 14.82
[2020-03-11 05:16:32,883][INFO] Episode: 4440 Frame:   995k Score:   25 Mean100: 22.51 Speed: 38.286f/s Mem: 2.86GB Epsilon: 0.02 Loss: 0.01 Q: 15.42
[2020-03-11 05:17:35,562][INFO] Episode: 4450 Frame:   998k Score:   15 Mean100: 22.53 Speed: 38.402f/s Mem: 2.86GB Epsilon: 0.02 Loss: 0.01 Q: 14.87
[2020-03-11 05:18:46,034][INFO] Episode: 4460 Frame:  1001k Score:   15 Mean100: 22.93 Speed: 39.831f/s Mem: 2.86GB Epsilon: 0.02 Loss: 0.15 Q: 13.86
[2020-03-11 05:19:32,806][INFO] Episode: 4470 Frame:  1003k Score:   16 Mean100: 22.74 Speed: 40.666f/s Mem: 2.86GB Epsilon: 0.02 Loss: 0.10 Q: 14.70
[2020-03-11 05:20:34,548][INFO] Episode: 4480 Frame:  1005k Score:   32 Mean100: 23.43 Speed: 38.952f/s Mem: 2.86GB Epsilon: 0.02 Loss: 0.02 Q: 13.60
[2020-03-11 05:21:43,307][INFO] Episode: 4490 Frame:  1008k Score:   11 Mean100: 23.25 Speed: 38.831f/s Mem: 2.86GB Epsilon: 0.02 Loss: 0.06 Q: 13.52
[2020-03-11 05:22:35,406][INFO] Episode: 4500 Frame:  1010k Score:   26 Mean100: 23.00 Speed: 38.389f/s Mem: 2.86GB Epsilon: 0.02 Loss: 0.03 Q: 15.59
[2020-03-11 05:23:39,896][INFO] Episode: 4510 Frame:  1012k Score:   28 Mean100: 23.27 Speed: 38.378f/s Mem: 2.86GB Epsilon: 0.02 Loss: 0.04 Q: 14.06
[2020-03-11 05:24:44,888][INFO] Episode: 4520 Frame:  1015k Score:   18 Mean100: 23.32 Speed: 38.436f/s Mem: 2.86GB Epsilon: 0.02 Loss: 0.02 Q: 14.38
[2020-03-11 05:25:49,440][INFO] Episode: 4530 Frame:  1017k Score:   18 Mean100: 23.19 Speed: 38.620f/s Mem: 2.86GB Epsilon: 0.02 Loss: 0.04 Q: 14.30
[2020-03-11 05:26:53,732][INFO] Episode: 4540 Frame:  1020k Score:   35 Mean100: 23.21 Speed: 38.497f/s Mem: 2.86GB Epsilon: 0.02 Loss: 0.02 Q: 15.49
[2020-03-11 05:27:54,104][INFO] Episode: 4550 Frame:  1022k Score:   24 Mean100: 23.18 Speed: 38.379f/s Mem: 2.86GB Epsilon: 0.02 Loss: 0.03 Q: 15.03
[2020-03-11 05:29:01,174][INFO] Episode: 4560 Frame:  1024k Score:   18 Mean100: 22.85 Speed: 38.199f/s Mem: 2.86GB Epsilon: 0.02 Loss: 0.05 Q: 15.07
[2020-03-11 05:29:54,426][INFO] Episode: 4570 Frame:  1027k Score:   26 Mean100: 22.84 Speed: 38.139f/s Mem: 2.86GB Epsilon: 0.02 Loss: 0.02 Q: 15.16
[2020-03-11 05:31:06,467][INFO] Episode: 4580 Frame:  1029k Score:   20 Mean100: 22.93 Speed: 38.506f/s Mem: 2.86GB Epsilon: 0.02 Loss: 0.02 Q: 14.65
[2020-03-11 05:32:11,031][INFO] Episode: 4590 Frame:  1032k Score:   34 Mean100: 22.83 Speed: 38.443f/s Mem: 2.86GB Epsilon: 0.02 Loss: 0.02 Q: 14.51
[2020-03-11 05:33:08,669][INFO] Episode: 4600 Frame:  1034k Score:   30 Mean100: 23.12 Speed: 38.290f/s Mem: 2.86GB Epsilon: 0.02 Loss: 0.02 Q: 15.30
[2020-03-11 05:34:04,853][INFO] Episode: 4610 Frame:  1036k Score:   18 Mean100: 22.77 Speed: 38.570f/s Mem: 2.86GB Epsilon: 0.02 Loss: 0.02 Q: 15.95
[2020-03-11 05:35:02,629][INFO] Episode: 4620 Frame:  1038k Score:   19 Mean100: 22.42 Speed: 38.441f/s Mem: 2.86GB Epsilon: 0.02 Loss: 0.01 Q: 14.89
[2020-03-11 05:35:56,494][INFO] Episode: 4630 Frame:  1040k Score:    9 Mean100: 21.88 Speed: 38.058f/s Mem: 2.86GB Epsilon: 0.02 Loss: 0.02 Q: 14.99
[2020-03-11 05:37:02,359][INFO] Episode: 4640 Frame:  1043k Score:   17 Mean100: 21.87 Speed: 37.137f/s Mem: 2.86GB Epsilon: 0.02 Loss: 0.02 Q: 15.87
[2020-03-11 05:38:05,127][INFO] Episode: 4650 Frame:  1045k Score:   17 Mean100: 21.86 Speed: 37.742f/s Mem: 2.86GB Epsilon: 0.02 Loss: 0.04 Q: 15.70
[2020-03-11 05:39:09,804][INFO] Episode: 4660 Frame:  1048k Score:   21 Mean100: 21.72 Speed: 38.035f/s Mem: 2.86GB Epsilon: 0.02 Loss: 0.14 Q: 13.26
[2020-03-11 05:40:15,012][INFO] Episode: 4670 Frame:  1050k Score:    9 Mean100: 22.18 Speed: 40.148f/s Mem: 2.86GB Epsilon: 0.02 Loss: 0.02 Q: 14.83
[2020-03-11 05:41:19,827][INFO] Episode: 4680 Frame:  1053k Score:   17 Mean100: 21.88 Speed: 37.075f/s Mem: 2.86GB Epsilon: 0.02 Loss: 0.05 Q: 14.96
[2020-03-11 05:42:15,405][INFO] Episode: 4690 Frame:  1055k Score:   24 Mean100: 21.43 Speed: 37.083f/s Mem: 2.86GB Epsilon: 0.02 Loss: 0.03 Q: 15.29
[2020-03-11 05:43:12,803][INFO] Episode: 4700 Frame:  1057k Score:   19 Mean100: 21.32 Speed: 37.075f/s Mem: 2.86GB Epsilon: 0.02 Loss: 0.01 Q: 15.59
[2020-03-11 05:44:18,745][INFO] Episode: 4710 Frame:  1060k Score:   17 Mean100: 21.56 Speed: 39.944f/s Mem: 2.86GB Epsilon: 0.02 Loss: 0.02 Q: 15.15
[2020-03-11 05:45:25,802][INFO] Episode: 4720 Frame:  1062k Score:   23 Mean100: 21.81 Speed: 37.162f/s Mem: 2.86GB Epsilon: 0.02 Loss: 0.01 Q: 14.86
[2020-03-11 05:46:35,258][INFO] Episode: 4730 Frame:  1065k Score:   22 Mean100: 22.41 Speed: 37.117f/s Mem: 2.86GB Epsilon: 0.02 Loss: 0.03 Q: 14.25
[2020-03-11 05:47:46,255][INFO] Episode: 4740 Frame:  1067k Score:   29 Mean100: 22.67 Speed: 37.086f/s Mem: 2.86GB Epsilon: 0.02 Loss: 0.01 Q: 14.35
[2020-03-11 05:48:45,127][INFO] Episode: 4750 Frame:  1069k Score:   12 Mean100: 22.33 Speed: 37.335f/s Mem: 2.86GB Epsilon: 0.02 Loss: 0.02 Q: 15.90
[2020-03-11 05:49:54,237][INFO] Episode: 4760 Frame:  1072k Score:   27 Mean100: 22.32 Speed: 37.636f/s Mem: 2.86GB Epsilon: 0.02 Loss: 0.02 Q: 14.75
[2020-03-11 05:50:56,157][INFO] Episode: 4770 Frame:  1074k Score:   22 Mean100: 22.03 Speed: 38.308f/s Mem: 2.86GB Epsilon: 0.02 Loss: 0.02 Q: 15.25
[2020-03-11 05:51:52,412][INFO] Episode: 4780 Frame:  1077k Score:   33 Mean100: 21.84 Speed: 38.681f/s Mem: 2.86GB Epsilon: 0.02 Loss: 0.02 Q: 15.18
[2020-03-11 05:52:48,001][INFO] Episode: 4790 Frame:  1079k Score:    9 Mean100: 21.91 Speed: 38.479f/s Mem: 2.86GB Epsilon: 0.02 Loss: 0.06 Q: 14.87
[2020-03-11 05:53:42,983][INFO] Episode: 4800 Frame:  1081k Score:   25 Mean100: 21.68 Speed: 38.376f/s Mem: 2.86GB Epsilon: 0.02 Loss: 0.02 Q: 15.70
[2020-03-11 05:54:44,474][INFO] Episode: 4810 Frame:  1083k Score:   22 Mean100: 21.60 Speed: 38.737f/s Mem: 2.86GB Epsilon: 0.02 Loss: 0.03 Q: 16.11
[2020-03-11 05:55:47,089][INFO] Episode: 4820 Frame:  1086k Score:   27 Mean100: 21.36 Speed: 38.649f/s Mem: 2.86GB Epsilon: 0.02 Loss: 0.02 Q: 15.48
[2020-03-11 05:56:47,057][INFO] Episode: 4830 Frame:  1088k Score:   21 Mean100: 20.84 Speed: 38.437f/s Mem: 2.86GB Epsilon: 0.02 Loss: 0.03 Q: 15.61
[2020-03-11 05:57:45,729][INFO] Episode: 4840 Frame:  1090k Score:   27 Mean100: 20.34 Speed: 37.565f/s Mem: 2.86GB Epsilon: 0.02 Loss: 0.06 Q: 14.50
[2020-03-11 05:58:46,820][INFO] Episode: 4850 Frame:  1092k Score:   30 Mean100: 20.57 Speed: 37.894f/s Mem: 2.86GB Epsilon: 0.02 Loss: 0.01 Q: 15.16
[2020-03-11 05:59:43,258][INFO] Episode: 4860 Frame:  1095k Score:   11 Mean100: 20.47 Speed: 37.882f/s Mem: 2.86GB Epsilon: 0.02 Loss: 0.08 Q: 13.18
[2020-03-11 06:00:42,349][INFO] Episode: 4870 Frame:  1097k Score:   34 Mean100: 20.75 Speed: 38.145f/s Mem: 2.86GB Epsilon: 0.02 Loss: 0.02 Q: 15.24
[2020-03-11 06:01:44,847][INFO] Episode: 4880 Frame:  1099k Score:   25 Mean100: 20.78 Speed: 38.737f/s Mem: 2.86GB Epsilon: 0.02 Loss: 0.02 Q: 15.50
[2020-03-11 06:02:55,043][INFO] Episode: 4890 Frame:  1102k Score:   27 Mean100: 21.31 Speed: 39.005f/s Mem: 2.86GB Epsilon: 0.02 Loss: 0.01 Q: 14.98
[2020-03-11 06:04:07,844][INFO] Episode: 4900 Frame:  1105k Score:   18 Mean100: 21.97 Speed: 38.612f/s Mem: 2.86GB Epsilon: 0.02 Loss: 0.01 Q: 14.36
[2020-03-11 06:05:11,695][INFO] Episode: 4910 Frame:  1107k Score:   29 Mean100: 22.24 Speed: 38.402f/s Mem: 2.86GB Epsilon: 0.02 Loss: 0.03 Q: 13.85
[2020-03-11 06:06:09,530][INFO] Episode: 4920 Frame:  1110k Score:   14 Mean100: 22.29 Speed: 38.419f/s Mem: 2.86GB Epsilon: 0.02 Loss: 0.02 Q: 14.40
[2020-03-11 06:07:11,516][INFO] Episode: 4930 Frame:  1112k Score:   29 Mean100: 22.66 Speed: 38.557f/s Mem: 2.86GB Epsilon: 0.02 Loss: 0.02 Q: 14.28
[2020-03-11 06:08:22,177][INFO] Episode: 4940 Frame:  1115k Score:   18 Mean100: 23.08 Speed: 38.338f/s Mem: 2.86GB Epsilon: 0.02 Loss: 0.02 Q: 13.06
[2020-03-11 06:09:25,005][INFO] Episode: 4950 Frame:  1117k Score:   14 Mean100: 23.31 Speed: 38.438f/s Mem: 2.86GB Epsilon: 0.02 Loss: 0.02 Q: 14.93
[2020-03-11 06:10:33,341][INFO] Episode: 4960 Frame:  1120k Score:   30 Mean100: 23.55 Speed: 38.472f/s Mem: 2.86GB Epsilon: 0.02 Loss: 0.02 Q: 14.07
[2020-03-11 06:11:32,143][INFO] Episode: 4970 Frame:  1122k Score:   16 Mean100: 23.27 Speed: 38.094f/s Mem: 2.97GB Epsilon: 0.02 Loss: 0.04 Q: 15.09
[2020-03-11 06:12:31,316][INFO] Episode: 4980 Frame:  1124k Score:   29 Mean100: 23.19 Speed: 36.874f/s Mem: 3.54GB Epsilon: 0.02 Loss: 0.20 Q: 15.73
[2020-03-11 06:13:36,940][INFO] Episode: 4990 Frame:  1126k Score:   30 Mean100: 22.84 Speed: 36.740f/s Mem: 4.36GB Epsilon: 0.02 Loss: 0.26 Q: 15.13
[2020-03-11 06:14:45,232][INFO] Episode: 5000 Frame:  1129k Score:   27 Mean100: 22.58 Speed: 36.725f/s Mem: 5.09GB Epsilon: 0.02 Loss: 0.01 Q: 14.90
[2020-03-11 06:15:51,043][INFO] Episode: 5010 Frame:  1131k Score:    8 Mean100: 22.24 Speed: 36.711f/s Mem: 5.61GB Epsilon: 0.02 Loss: 0.02 Q: 15.05
[2020-03-11 06:16:55,645][INFO] Episode: 5020 Frame:  1134k Score:   23 Mean100: 22.29 Speed: 36.717f/s Mem: 5.94GB Epsilon: 0.02 Loss: 0.03 Q: 15.21
[2020-03-11 06:17:57,442][INFO] Episode: 5030 Frame:  1136k Score:   17 Mean100: 21.99 Speed: 36.846f/s Mem: 5.94GB Epsilon: 0.02 Loss: 0.01 Q: 14.54
[2020-03-11 06:19:04,538][INFO] Episode: 5040 Frame:  1139k Score:   17 Mean100: 21.83 Speed: 36.723f/s Mem: 5.94GB Epsilon: 0.02 Loss: 0.02 Q: 14.59
[2020-03-11 06:20:01,341][INFO] Episode: 5050 Frame:  1141k Score:   30 Mean100: 21.56 Speed: 36.741f/s Mem: 5.94GB Epsilon: 0.02 Loss: 0.01 Q: 14.77
[2020-03-11 06:20:58,350][INFO] Episode: 5060 Frame:  1143k Score:   22 Mean100: 21.27 Speed: 36.784f/s Mem: 5.94GB Epsilon: 0.02 Loss: 0.04 Q: 14.86
[2020-03-11 06:21:57,151][INFO] Episode: 5070 Frame:  1145k Score:   20 Mean100: 21.08 Speed: 36.768f/s Mem: 5.94GB Epsilon: 0.02 Loss: 0.02 Q: 14.91
[2020-03-11 06:23:02,721][INFO] Episode: 5080 Frame:  1147k Score:   30 Mean100: 21.29 Speed: 36.816f/s Mem: 5.94GB Epsilon: 0.02 Loss: 0.01 Q: 14.69
[2020-03-11 06:24:04,413][INFO] Episode: 5090 Frame:  1150k Score:   22 Mean100: 21.13 Speed: 36.747f/s Mem: 5.94GB Epsilon: 0.02 Loss: 0.15 Q: 14.07
[2020-03-11 06:25:07,794][INFO] Episode: 5100 Frame:  1152k Score:    8 Mean100: 21.01 Speed: 36.794f/s Mem: 5.94GB Epsilon: 0.02 Loss: 0.02 Q: 15.03
[2020-03-11 06:26:05,882][INFO] Episode: 5110 Frame:  1154k Score:   27 Mean100: 20.86 Speed: 36.926f/s Mem: 5.94GB Epsilon: 0.02 Loss: 0.02 Q: 15.20
[2020-03-11 06:27:15,468][INFO] Episode: 5120 Frame:  1157k Score:   27 Mean100: 21.07 Speed: 36.890f/s Mem: 5.94GB Epsilon: 0.02 Loss: 0.04 Q: 13.84
[2020-03-11 06:28:20,260][INFO] Episode: 5130 Frame:  1159k Score:   28 Mean100: 21.29 Speed: 36.933f/s Mem: 5.94GB Epsilon: 0.02 Loss: 0.05 Q: 14.56
[2020-03-11 06:29:14,910][INFO] Episode: 5140 Frame:  1161k Score:   22 Mean100: 20.81 Speed: 36.835f/s Mem: 5.94GB Epsilon: 0.02 Loss: 0.02 Q: 15.15
[2020-03-11 06:30:13,050][INFO] Episode: 5150 Frame:  1163k Score:   13 Mean100: 20.46 Speed: 36.825f/s Mem: 5.94GB Epsilon: 0.02 Loss: 0.01 Q: 16.24
[2020-03-11 06:31:10,375][INFO] Episode: 5160 Frame:  1165k Score:   25 Mean100: 20.30 Speed: 36.703f/s Mem: 5.94GB Epsilon: 0.02 Loss: 1.06 Q: 15.11
[2020-03-11 06:32:14,626][INFO] Episode: 5170 Frame:  1168k Score:   28 Mean100: 20.91 Speed: 37.493f/s Mem: 5.94GB Epsilon: 0.02 Loss: 0.05 Q: 14.72
[2020-03-11 06:33:20,156][INFO] Episode: 5180 Frame:  1170k Score:   22 Mean100: 20.83 Speed: 37.860f/s Mem: 5.94GB Epsilon: 0.02 Loss: 0.01 Q: 15.54
[2020-03-11 06:34:25,018][INFO] Episode: 5190 Frame:  1173k Score:   26 Mean100: 21.15 Speed: 37.048f/s Mem: 5.94GB Epsilon: 0.02 Loss: 0.05 Q: 15.78
[2020-03-11 06:35:31,602][INFO] Episode: 5200 Frame:  1175k Score:   26 Mean100: 21.32 Speed: 36.976f/s Mem: 5.94GB Epsilon: 0.02 Loss: 0.02 Q: 15.18
[2020-03-11 06:36:39,246][INFO] Episode: 5210 Frame:  1178k Score:   34 Mean100: 21.92 Speed: 38.126f/s Mem: 5.94GB Epsilon: 0.02 Loss: 0.02 Q: 14.10
[2020-03-11 06:37:51,387][INFO] Episode: 5220 Frame:  1180k Score:   30 Mean100: 22.30 Speed: 39.381f/s Mem: 5.94GB Epsilon: 0.02 Loss: 0.01 Q: 14.38
[2020-03-11 06:38:52,094][INFO] Episode: 5230 Frame:  1183k Score:   18 Mean100: 22.19 Speed: 38.397f/s Mem: 5.94GB Epsilon: 0.02 Loss: 0.01 Q: 16.25
[2020-03-11 06:39:49,958][INFO] Episode: 5240 Frame:  1185k Score:   21 Mean100: 22.54 Speed: 38.677f/s Mem: 5.94GB Epsilon: 0.02 Loss: 0.02 Q: 14.57
[2020-03-11 06:41:09,367][INFO] Episode: 5250 Frame:  1188k Score:   34 Mean100: 23.66 Speed: 37.653f/s Mem: 5.94GB Epsilon: 0.02 Loss: 0.02 Q: 14.92
[2020-03-11 06:42:08,366][INFO] Episode: 5260 Frame:  1190k Score:   28 Mean100: 23.93 Speed: 37.238f/s Mem: 5.94GB Epsilon: 0.02 Loss: 0.02 Q: 14.56
[2020-03-11 06:43:14,687][INFO] Episode: 5270 Frame:  1193k Score:   12 Mean100: 23.75 Speed: 38.133f/s Mem: 5.94GB Epsilon: 0.02 Loss: 0.01 Q: 14.20
[2020-03-11 06:44:26,652][INFO] Episode: 5280 Frame:  1195k Score:   16 Mean100: 24.15 Speed: 38.394f/s Mem: 5.94GB Epsilon: 0.02 Loss: 0.01 Q: 14.37
[2020-03-11 06:45:26,751][INFO] Episode: 5290 Frame:  1198k Score:   16 Mean100: 24.05 Speed: 39.451f/s Mem: 5.94GB Epsilon: 0.02 Loss: 0.02 Q: 14.45
[2020-03-11 06:46:21,748][INFO] Episode: 5300 Frame:  1200k Score:   18 Mean100: 23.82 Speed: 40.930f/s Mem: 5.94GB Epsilon: 0.02 Loss: 0.01 Q: 14.49
[2020-03-11 06:47:28,288][INFO] Episode: 5310 Frame:  1203k Score:   24 Mean100: 23.62 Speed: 39.090f/s Mem: 5.94GB Epsilon: 0.02 Loss: 0.02 Q: 14.45
[2020-03-11 06:48:32,182][INFO] Episode: 5320 Frame:  1205k Score:    8 Mean100: 23.12 Speed: 38.282f/s Mem: 5.94GB Epsilon: 0.02 Loss: 0.02 Q: 14.56
[2020-03-11 06:49:30,407][INFO] Episode: 5330 Frame:  1207k Score:   16 Mean100: 22.98 Speed: 39.381f/s Mem: 5.94GB Epsilon: 0.02 Loss: 0.01 Q: 15.43
[2020-03-11 06:50:34,898][INFO] Episode: 5340 Frame:  1210k Score:   21 Mean100: 23.27 Speed: 40.378f/s Mem: 5.94GB Epsilon: 0.02 Loss: 0.02 Q: 15.18
[2020-03-11 06:51:39,359][INFO] Episode: 5350 Frame:  1213k Score:   33 Mean100: 22.95 Speed: 41.095f/s Mem: 5.94GB Epsilon: 0.02 Loss: 0.02 Q: 13.70
[2020-03-11 06:52:37,117][INFO] Episode: 5360 Frame:  1215k Score:   24 Mean100: 23.07 Speed: 40.704f/s Mem: 5.94GB Epsilon: 0.02 Loss: 0.02 Q: 13.40
[2020-03-11 06:53:36,678][INFO] Episode: 5370 Frame:  1217k Score:   16 Mean100: 23.17 Speed: 38.331f/s Mem: 5.94GB Epsilon: 0.02 Loss: 0.02 Q: 13.73
[2020-03-11 06:54:35,717][INFO] Episode: 5380 Frame:  1220k Score:    9 Mean100: 22.87 Speed: 38.026f/s Mem: 5.94GB Epsilon: 0.02 Loss: 0.02 Q: 14.52
[2020-03-11 06:55:35,113][INFO] Episode: 5390 Frame:  1222k Score:   26 Mean100: 22.74 Speed: 39.868f/s Mem: 5.94GB Epsilon: 0.02 Loss: 0.03 Q: 14.51
[2020-03-11 06:56:28,850][INFO] Episode: 5400 Frame:  1224k Score:   25 Mean100: 23.00 Speed: 40.847f/s Mem: 5.94GB Epsilon: 0.02 Loss: 0.74 Q: 14.09
[2020-03-11 06:57:20,408][INFO] Episode: 5410 Frame:  1226k Score:   12 Mean100: 22.47 Speed: 40.595f/s Mem: 5.94GB Epsilon: 0.02 Loss: 0.02 Q: 15.14
[2020-03-11 06:58:22,665][INFO] Episode: 5420 Frame:  1229k Score:   26 Mean100: 22.95 Speed: 40.975f/s Mem: 5.94GB Epsilon: 0.02 Loss: 0.01 Q: 14.28
[2020-03-11 06:59:20,819][INFO] Episode: 5430 Frame:  1231k Score:   22 Mean100: 23.14 Speed: 39.327f/s Mem: 5.94GB Epsilon: 0.02 Loss: 0.02 Q: 15.24
[2020-03-11 07:00:23,325][INFO] Episode: 5440 Frame:  1233k Score:   16 Mean100: 22.85 Speed: 38.284f/s Mem: 5.94GB Epsilon: 0.02 Loss: 0.01 Q: 15.33
[2020-03-11 07:01:22,434][INFO] Episode: 5450 Frame:  1236k Score:   19 Mean100: 22.46 Speed: 38.319f/s Mem: 5.94GB Epsilon: 0.02 Loss: 0.04 Q: 14.61
[2020-03-11 07:02:15,584][INFO] Episode: 5460 Frame:  1238k Score:   47 Mean100: 22.21 Speed: 38.269f/s Mem: 5.94GB Epsilon: 0.02 Loss: 0.02 Q: 14.13
[2020-03-11 07:03:19,048][INFO] Episode: 5470 Frame:  1240k Score:   22 Mean100: 22.03 Speed: 38.352f/s Mem: 5.94GB Epsilon: 0.02 Loss: 0.01 Q: 14.99
[2020-03-11 07:04:13,818][INFO] Episode: 5480 Frame:  1242k Score:   18 Mean100: 21.80 Speed: 38.470f/s Mem: 5.94GB Epsilon: 0.02 Loss: 0.83 Q: 14.90
[2020-03-11 07:05:13,337][INFO] Episode: 5490 Frame:  1245k Score:   16 Mean100: 21.73 Speed: 38.643f/s Mem: 5.94GB Epsilon: 0.02 Loss: 0.01 Q: 15.35
[2020-03-11 07:06:15,126][INFO] Episode: 5500 Frame:  1247k Score:   13 Mean100: 21.67 Speed: 38.534f/s Mem: 5.94GB Epsilon: 0.02 Loss: 0.01 Q: 14.20
[2020-03-11 07:07:11,943][INFO] Episode: 5510 Frame:  1249k Score:    6 Mean100: 21.80 Speed: 38.228f/s Mem: 5.94GB Epsilon: 0.02 Loss: 0.02 Q: 14.60
[2020-03-11 07:08:24,192][INFO] Episode: 5520 Frame:  1252k Score:   14 Mean100: 21.60 Speed: 37.523f/s Mem: 5.94GB Epsilon: 0.02 Loss: 0.03 Q: 16.40
[2020-03-11 07:09:33,652][INFO] Episode: 5530 Frame:  1255k Score:   22 Mean100: 21.97 Speed: 38.382f/s Mem: 5.94GB Epsilon: 0.02 Loss: 0.02 Q: 14.78
[2020-03-11 07:10:43,998][INFO] Episode: 5540 Frame:  1257k Score:   23 Mean100: 22.56 Speed: 38.496f/s Mem: 5.94GB Epsilon: 0.02 Loss: 0.01 Q: 14.62
[2020-03-11 07:11:39,755][INFO] Episode: 5550 Frame:  1259k Score:   20 Mean100: 22.53 Speed: 38.703f/s Mem: 5.94GB Epsilon: 0.02 Loss: 0.01 Q: 14.10
[2020-03-11 07:12:33,679][INFO] Episode: 5560 Frame:  1261k Score:   34 Mean100: 22.67 Speed: 38.685f/s Mem: 5.94GB Epsilon: 0.02 Loss: 0.04 Q: 13.33
[2020-03-11 07:13:27,710][INFO] Episode: 5570 Frame:  1264k Score:   16 Mean100: 22.27 Speed: 38.274f/s Mem: 5.94GB Epsilon: 0.02 Loss: 0.02 Q: 13.74
[2020-03-11 07:14:23,117][INFO] Episode: 5580 Frame:  1266k Score:   32 Mean100: 22.34 Speed: 38.389f/s Mem: 5.94GB Epsilon: 0.02 Loss: 0.02 Q: 15.31
[2020-03-11 07:15:19,837][INFO] Episode: 5590 Frame:  1268k Score:   29 Mean100: 22.22 Speed: 38.451f/s Mem: 5.94GB Epsilon: 0.02 Loss: 0.02 Q: 14.01
[2020-03-11 07:16:17,338][INFO] Episode: 5600 Frame:  1270k Score:   23 Mean100: 21.84 Speed: 38.522f/s Mem: 5.94GB Epsilon: 0.02 Loss: 0.05 Q: 14.16
[2020-03-11 07:17:17,952][INFO] Episode: 5610 Frame:  1272k Score:   19 Mean100: 21.96 Speed: 38.506f/s Mem: 5.94GB Epsilon: 0.02 Loss: 0.02 Q: 15.95
[2020-03-11 07:18:15,000][INFO] Episode: 5620 Frame:  1275k Score:   20 Mean100: 21.54 Speed: 38.424f/s Mem: 5.94GB Epsilon: 0.02 Loss: 0.06 Q: 14.54
[2020-03-11 07:19:14,060][INFO] Episode: 5630 Frame:  1277k Score:    9 Mean100: 21.18 Speed: 38.571f/s Mem: 5.94GB Epsilon: 0.02 Loss: 0.01 Q: 14.22
[2020-03-11 07:20:19,546][INFO] Episode: 5640 Frame:  1279k Score:   28 Mean100: 20.76 Speed: 38.482f/s Mem: 5.94GB Epsilon: 0.02 Loss: 0.08 Q: 15.79
[2020-03-11 07:21:22,076][INFO] Episode: 5650 Frame:  1282k Score:   30 Mean100: 20.92 Speed: 38.717f/s Mem: 5.94GB Epsilon: 0.02 Loss: 0.02 Q: 14.44
[2020-03-11 07:22:20,524][INFO] Episode: 5660 Frame:  1284k Score:   21 Mean100: 20.79 Speed: 38.495f/s Mem: 5.94GB Epsilon: 0.02 Loss: 0.04 Q: 14.83
[2020-03-11 07:23:17,298][INFO] Episode: 5670 Frame:  1286k Score:   21 Mean100: 21.03 Speed: 38.328f/s Mem: 5.94GB Epsilon: 0.02 Loss: 0.03 Q: 13.89
[2020-03-11 07:24:05,283][INFO] Episode: 5680 Frame:  1288k Score:    9 Mean100: 20.54 Speed: 38.241f/s Mem: 5.94GB Epsilon: 0.02 Loss: 0.02 Q: 14.84
[2020-03-11 07:25:15,866][INFO] Episode: 5690 Frame:  1291k Score:   23 Mean100: 20.82 Speed: 38.409f/s Mem: 5.94GB Epsilon: 0.02 Loss: 0.02 Q: 15.56
[2020-03-11 07:26:21,977][INFO] Episode: 5700 Frame:  1293k Score:   24 Mean100: 21.20 Speed: 38.208f/s Mem: 5.94GB Epsilon: 0.02 Loss: 0.04 Q: 13.93
[2020-03-11 07:27:12,520][INFO] Episode: 5710 Frame:  1295k Score:   18 Mean100: 20.80 Speed: 38.284f/s Mem: 5.94GB Epsilon: 0.02 Loss: 0.03 Q: 15.23
[2020-03-11 07:28:08,854][INFO] Episode: 5720 Frame:  1297k Score:   11 Mean100: 20.87 Speed: 38.858f/s Mem: 5.94GB Epsilon: 0.02 Loss: 0.02 Q: 14.53
[2020-03-11 07:29:02,065][INFO] Episode: 5730 Frame:  1300k Score:   34 Mean100: 20.60 Speed: 39.315f/s Mem: 5.94GB Epsilon: 0.02 Loss: 0.03 Q: 14.30
[2020-03-11 07:30:02,350][INFO] Episode: 5740 Frame:  1302k Score:   21 Mean100: 20.17 Speed: 37.754f/s Mem: 5.94GB Epsilon: 0.02 Loss: 0.03 Q: 15.18
[2020-03-11 07:30:55,242][INFO] Episode: 5750 Frame:  1304k Score:   24 Mean100: 19.67 Speed: 37.567f/s Mem: 5.94GB Epsilon: 0.02 Loss: 0.05 Q: 15.33
[2020-03-11 07:31:49,335][INFO] Episode: 5760 Frame:  1306k Score:   26 Mean100: 19.29 Speed: 38.341f/s Mem: 5.94GB Epsilon: 0.02 Loss: 0.03 Q: 14.71
[2020-03-11 07:32:49,500][INFO] Episode: 5770 Frame:  1308k Score:   21 Mean100: 19.26 Speed: 38.162f/s Mem: 5.94GB Epsilon: 0.02 Loss: 0.01 Q: 15.35
[2020-03-11 07:33:53,304][INFO] Episode: 5780 Frame:  1311k Score:   22 Mean100: 19.86 Speed: 38.430f/s Mem: 5.94GB Epsilon: 0.02 Loss: 0.02 Q: 15.32
[2020-03-11 07:34:55,807][INFO] Episode: 5790 Frame:  1313k Score:   19 Mean100: 19.65 Speed: 38.286f/s Mem: 5.94GB Epsilon: 0.02 Loss: 0.41 Q: 14.01
[2020-03-11 07:36:02,928][INFO] Episode: 5800 Frame:  1316k Score:   22 Mean100: 19.78 Speed: 38.215f/s Mem: 5.94GB Epsilon: 0.02 Loss: 0.05 Q: 14.25
[2020-03-11 07:36:48,506][INFO] Episode: 5810 Frame:  1317k Score:   14 Mean100: 19.74 Speed: 38.461f/s Mem: 5.94GB Epsilon: 0.02 Loss: 0.02 Q: 15.23
[2020-03-11 07:37:53,697][INFO] Episode: 5820 Frame:  1320k Score:   32 Mean100: 19.88 Speed: 38.349f/s Mem: 5.94GB Epsilon: 0.02 Loss: 0.01 Q: 15.96
[2020-03-11 07:38:55,730][INFO] Episode: 5830 Frame:  1322k Score:   27 Mean100: 20.07 Speed: 38.318f/s Mem: 5.94GB Epsilon: 0.02 Loss: 0.04 Q: 14.52
[2020-03-11 07:40:01,276][INFO] Episode: 5840 Frame:  1325k Score:   25 Mean100: 20.42 Speed: 38.386f/s Mem: 5.94GB Epsilon: 0.02 Loss: 0.02 Q: 14.26
[2020-03-11 07:41:09,472][INFO] Episode: 5850 Frame:  1327k Score:   29 Mean100: 20.83 Speed: 38.257f/s Mem: 5.94GB Epsilon: 0.02 Loss: 0.04 Q: 14.02
[2020-03-11 07:42:02,015][INFO] Episode: 5860 Frame:  1329k Score:   16 Mean100: 21.10 Speed: 38.978f/s Mem: 5.94GB Epsilon: 0.02 Loss: 0.01 Q: 15.77
[2020-03-11 07:43:00,229][INFO] Episode: 5870 Frame:  1332k Score:   17 Mean100: 21.13 Speed: 40.746f/s Mem: 5.94GB Epsilon: 0.02 Loss: 0.03 Q: 14.05
[2020-03-11 07:43:54,879][INFO] Episode: 5880 Frame:  1334k Score:   27 Mean100: 21.18 Speed: 40.824f/s Mem: 5.94GB Epsilon: 0.02 Loss: 0.01 Q: 14.33
[2020-03-11 07:44:53,898][INFO] Episode: 5890 Frame:  1336k Score:   23 Mean100: 21.30 Speed: 38.343f/s Mem: 5.94GB Epsilon: 0.02 Loss: 0.02 Q: 15.39
[2020-03-11 07:45:54,861][INFO] Episode: 5900 Frame:  1339k Score:   13 Mean100: 20.89 Speed: 37.991f/s Mem: 5.94GB Epsilon: 0.02 Loss: 0.01 Q: 14.87
[2020-03-11 07:46:57,094][INFO] Episode: 5910 Frame:  1341k Score:   24 Mean100: 21.50 Speed: 38.565f/s Mem: 5.94GB Epsilon: 0.02 Loss: 0.04 Q: 15.45
[2020-03-11 07:48:03,859][INFO] Episode: 5920 Frame:  1344k Score:   32 Mean100: 21.64 Speed: 38.373f/s Mem: 5.94GB Epsilon: 0.02 Loss: 0.02 Q: 14.38
[2020-03-11 07:49:21,540][INFO] Episode: 5930 Frame:  1347k Score:   27 Mean100: 22.25 Speed: 38.555f/s Mem: 5.94GB Epsilon: 0.02 Loss: 0.02 Q: 14.64
[2020-03-11 07:50:29,738][INFO] Episode: 5940 Frame:  1349k Score:   24 Mean100: 22.34 Speed: 38.432f/s Mem: 5.94GB Epsilon: 0.02 Loss: 0.04 Q: 15.51
[2020-03-11 07:51:39,830][INFO] Episode: 5950 Frame:  1352k Score:   32 Mean100: 22.55 Speed: 38.521f/s Mem: 5.94GB Epsilon: 0.02 Loss: 0.01 Q: 13.89
[2020-03-11 07:52:35,270][INFO] Episode: 5960 Frame:  1354k Score:   17 Mean100: 22.67 Speed: 38.438f/s Mem: 5.94GB Epsilon: 0.02 Loss: 0.02 Q: 15.30
[2020-03-11 07:53:37,688][INFO] Episode: 5970 Frame:  1356k Score:   16 Mean100: 22.72 Speed: 38.403f/s Mem: 5.94GB Epsilon: 0.02 Loss: 0.01 Q: 15.11
[2020-03-11 07:54:31,093][INFO] Episode: 5980 Frame:  1358k Score:   26 Mean100: 22.29 Speed: 37.992f/s Mem: 5.94GB Epsilon: 0.02 Loss: 0.02 Q: 15.17
[2020-03-11 07:55:45,589][INFO] Episode: 5990 Frame:  1361k Score:   24 Mean100: 22.57 Speed: 38.243f/s Mem: 5.94GB Epsilon: 0.02 Loss: 0.02 Q: 14.24
[2020-03-11 07:56:40,268][INFO] Episode: 6000 Frame:  1363k Score:   20 Mean100: 22.71 Speed: 38.169f/s Mem: 5.94GB Epsilon: 0.02 Loss: 0.01 Q: 15.20
[2020-03-11 07:57:41,236][INFO] Episode: 6010 Frame:  1366k Score:   27 Mean100: 22.79 Speed: 38.889f/s Mem: 5.94GB Epsilon: 0.02 Loss: 0.01 Q: 14.99
[2020-03-11 07:58:44,230][INFO] Episode: 6020 Frame:  1368k Score:   24 Mean100: 22.79 Speed: 39.131f/s Mem: 5.94GB Epsilon: 0.02 Loss: 0.01 Q: 13.95
[2020-03-11 07:59:52,854][INFO] Episode: 6030 Frame:  1371k Score:   28 Mean100: 22.36 Speed: 37.013f/s Mem: 5.94GB Epsilon: 0.02 Loss: 0.01 Q: 14.36
[2020-03-11 08:00:54,920][INFO] Episode: 6040 Frame:  1373k Score:   33 Mean100: 22.28 Speed: 38.072f/s Mem: 5.94GB Epsilon: 0.02 Loss: 0.03 Q: 13.61
[2020-03-11 08:01:55,410][INFO] Episode: 6050 Frame:  1375k Score:   10 Mean100: 21.90 Speed: 38.139f/s Mem: 5.94GB Epsilon: 0.02 Loss: 0.01 Q: 13.91
[2020-03-11 08:02:53,775][INFO] Episode: 6060 Frame:  1378k Score:   28 Mean100: 21.74 Speed: 38.019f/s Mem: 5.94GB Epsilon: 0.02 Loss: 0.02 Q: 14.88
[2020-03-11 08:03:52,941][INFO] Episode: 6070 Frame:  1380k Score:   21 Mean100: 21.70 Speed: 38.045f/s Mem: 5.94GB Epsilon: 0.02 Loss: 0.02 Q: 14.25
[2020-03-11 08:04:24,474][INFO] Saving model to log/DQN_20200310_220924.h5
[2020-03-11 08:04:24,474][INFO] Recording a run in video.
[2020-03-11 08:04:24,780][INFO] F:0 Qs: [18.713526 18.60354  18.679996 18.691135 18.664919 18.716946] Action: 5
[2020-03-11 08:04:25,441][INFO] F:1 Qs: [17.169527 17.014385 18.328505 17.43861  18.311756 17.73432 ] Action: 2
[2020-03-11 08:04:26,101][INFO] F:2 Qs: [12.660732 14.470475 12.417286 13.86127  12.004706 13.630644] Action: 1
[2020-03-11 08:04:26,732][INFO] F:3 Qs: [10.839644   9.557891  11.6489105 10.083871  10.723159  10.726763 ] Action: 2
[2020-03-11 08:04:27,340][INFO] F:4 Qs: [8.470942  5.716549  5.5913863 6.275846  6.867278  6.353375 ] Action: 0
[2020-03-11 08:04:27,994][INFO] F:5 Qs: [14.03737  13.926741 13.818029 13.963146 13.89845  14.370511] Action: 5
[2020-03-11 08:04:28,205][INFO] 	Score: 43.0
[2020-03-11 08:04:28,344][INFO] Run 6074 episodes and 1381.534k frames in 35s at 39023.799f/s
[2020-03-11 08:04:28,344][INFO] Memory peak: 5.94GB
